<?xml version="1.0" encoding="UTF-8"?>
<testsuite xmlns:xsi="http://www.w3.org/2001/XMLSchema-instance" xsi:noNamespaceSchemaLocation="https://maven.apache.org/surefire/maven-surefire-plugin/xsd/surefire-test-report.xsd" version="3.0.2" name="com.upiiz.customerapi.CustomerapiApplicationTests" time="5.24" tests="1" errors="0" skipped="0" failures="0">
  <properties>
[...]
</properties>
  <testcase name="contextLoads" classname="com.upiiz.customerapi.CustomerapiApplicationTests" time="0.373">
    <system-out><![CDATA[22:25:15.565 [main] INFO org.springframework.test.context.support.AnnotationConfigContextLoaderUtils -- Could not detect default configuration classes for test class [com.upiiz.customerapi.CustomerapiApplicationTests]: CustomerapiApplicationTests does not declare any static, non-private, non-final, nested classes annotated with @Configuration.
22:25:15.655 [main] INFO org.springframework.boot.test.context.SpringBootTestContextBootstrapper -- Found @SpringBootConfiguration com.upiiz.customerapi.CustomerapiApplication for test class com.upiiz.customerapi.CustomerapiApplicationTests
22:25:15.830 [main] INFO org.springframework.boot.devtools.restart.RestartApplicationListener -- Restart disabled due to context in which it is running

  .   ____          _            __ _ _
 /\\ / ___'_ __ _ _(_)_ __  __ _ \ \ \ \
( ( )\___ | '_ | '_| | '_ \/ _` | \ \ \ \
 \\/  ___)| |_)| | | | | || (_| |  ) ) ) )
  '  |____| .__|_| |_|_| |_\__, | / / / /
 =========|_|==============|___/=/_/_/_/

 :: Spring Boot ::                (v3.4.1)

2025-01-07T22:25:16.145-06:00  INFO 8404 --- [customerapi] [           main] c.u.c.CustomerapiApplicationTests        : Starting CustomerapiApplicationTests using Java 22.0.2 with PID 8404 (started by alexa in C:\Users\alexa\Desktop\Optativa7mo\Angular\customerapi)
2025-01-07T22:25:16.146-06:00 DEBUG 8404 --- [customerapi] [           main] c.u.c.CustomerapiApplicationTests        : Running with Spring Boot v3.4.1, Spring v6.2.1
2025-01-07T22:25:16.147-06:00  INFO 8404 --- [customerapi] [           main] c.u.c.CustomerapiApplicationTests        : No active profile set, falling back to 1 default profile: "default"
2025-01-07T22:25:16.147-06:00 DEBUG 8404 --- [customerapi] [           main] o.s.boot.SpringApplication               : Loading source class com.upiiz.customerapi.CustomerapiApplication
2025-01-07T22:25:16.172-06:00 DEBUG 8404 --- [customerapi] [           main] o.s.w.c.s.GenericWebApplicationContext   : Refreshing org.springframework.web.context.support.GenericWebApplicationContext@4d666b41
2025-01-07T22:25:16.188-06:00 DEBUG 8404 --- [customerapi] [           main] o.s.b.f.s.DefaultListableBeanFactory     : Creating shared instance of singleton bean 'org.springframework.context.annotation.internalConfigurationAnnotationProcessor'
2025-01-07T22:25:16.201-06:00 DEBUG 8404 --- [customerapi] [           main] o.s.b.f.s.DefaultListableBeanFactory     : Creating shared instance of singleton bean 'org.springframework.boot.autoconfigure.internalCachingMetadataReaderFactory'
2025-01-07T22:25:16.254-06:00 DEBUG 8404 --- [customerapi] [           main] o.s.c.a.ClassPathBeanDefinitionScanner   : Identified candidate component class: file [C:\Users\alexa\Desktop\Optativa7mo\Angular\customerapi\target\classes\com\upiiz\customerapi\config\OpenAPIConfig.class]
2025-01-07T22:25:16.256-06:00 DEBUG 8404 --- [customerapi] [           main] o.s.c.a.ClassPathBeanDefinitionScanner   : Identified candidate component class: file [C:\Users\alexa\Desktop\Optativa7mo\Angular\customerapi\target\classes\com\upiiz\customerapi\config\SecurityConfig.class]
2025-01-07T22:25:16.286-06:00 DEBUG 8404 --- [customerapi] [           main] o.s.c.a.ClassPathBeanDefinitionScanner   : Identified candidate component class: file [C:\Users\alexa\Desktop\Optativa7mo\Angular\customerapi\target\classes\com\upiiz\customerapi\controllers\CustomerController.class]
2025-01-07T22:25:16.840-06:00  INFO 8404 --- [customerapi] [           main] .s.d.r.c.RepositoryConfigurationDelegate : Bootstrapping Spring Data JPA repositories in DEFAULT mode.
2025-01-07T22:25:16.850-06:00 DEBUG 8404 --- [customerapi] [           main] o.s.b.f.s.DefaultListableBeanFactory     : Creating shared instance of singleton bean 'org.springframework.boot.autoconfigure.AutoConfigurationPackages'
2025-01-07T22:25:16.855-06:00 DEBUG 8404 --- [customerapi] [           main] o.s.b.a.AutoConfigurationPackages        : @EnableAutoConfiguration was declared on a class in the package 'com.upiiz.customerapi'. Automatic @Repository and @Entity scanning is enabled.
2025-01-07T22:25:16.856-06:00 DEBUG 8404 --- [customerapi] [           main] .s.d.r.c.RepositoryConfigurationDelegate : Scanning for JPA repositories in packages com.upiiz.customerapi.
2025-01-07T22:25:16.864-06:00 DEBUG 8404 --- [customerapi] [           main] o.s.d.r.c.RepositoryComponentProvider    : Identified candidate component class: file [C:\Users\alexa\Desktop\Optativa7mo\Angular\customerapi\target\classes\com\upiiz\customerapi\repository\CustomerRepository.class]
2025-01-07T22:25:16.890-06:00  INFO 8404 --- [customerapi] [           main] .s.d.r.c.RepositoryConfigurationDelegate : Finished Spring Data repository scanning in 32 ms. Found 1 JPA repository interface.
2025-01-07T22:25:16.963-06:00 DEBUG 8404 --- [customerapi] [           main] o.s.b.f.s.DefaultListableBeanFactory     : Creating shared instance of singleton bean 'springSecurityHandlerMappingIntrospectorBeanDefinitionRegistryPostProcessor'
2025-01-07T22:25:17.029-06:00 DEBUG 8404 --- [customerapi] [           main] o.s.b.f.s.DefaultListableBeanFactory     : Creating shared instance of singleton bean 'propertySourcesPlaceholderConfigurer'
2025-01-07T22:25:17.033-06:00 DEBUG 8404 --- [customerapi] [           main] o.s.b.f.s.DefaultListableBeanFactory     : Creating shared instance of singleton bean 'org.springframework.boot.test.mock.mockito.MockitoPostProcessor'
2025-01-07T22:25:17.034-06:00 DEBUG 8404 --- [customerapi] [           main] o.s.b.f.s.DefaultListableBeanFactory     : Creating shared instance of singleton bean 'emBeanDefinitionRegistrarPostProcessor'
2025-01-07T22:25:17.035-06:00 DEBUG 8404 --- [customerapi] [           main] o.s.b.f.s.DefaultListableBeanFactory     : Creating shared instance of singleton bean 'org.springframework.boot.sql.init.dependency.DatabaseInitializationDependencyConfigurer$DependsOnDatabaseInitializationPostProcessor'
2025-01-07T22:25:17.081-06:00 DEBUG 8404 --- [customerapi] [           main] o.s.b.f.s.DefaultListableBeanFactory     : Creating shared instance of singleton bean 'org.springframework.context.event.internalEventListenerProcessor'
2025-01-07T22:25:17.082-06:00 DEBUG 8404 --- [customerapi] [           main] o.s.b.f.s.DefaultListableBeanFactory     : Creating shared instance of singleton bean 'preserveErrorControllerTargetClassPostProcessor'
2025-01-07T22:25:17.083-06:00 DEBUG 8404 --- [customerapi] [           main] o.s.b.f.s.DefaultListableBeanFactory     : Creating shared instance of singleton bean 'conversionServicePostProcessor'
2025-01-07T22:25:17.088-06:00 DEBUG 8404 --- [customerapi] [           main] o.s.b.f.s.DefaultListableBeanFactory     : Creating shared instance of singleton bean 'org.springframework.context.event.internalEventListenerFactory'
2025-01-07T22:25:17.089-06:00 DEBUG 8404 --- [customerapi] [           main] o.s.b.f.s.DefaultListableBeanFactory     : Creating shared instance of singleton bean 'org.springframework.transaction.config.internalTransactionalEventListenerFactory'
2025-01-07T22:25:17.092-06:00 DEBUG 8404 --- [customerapi] [           main] o.s.b.f.s.DefaultListableBeanFactory     : Creating shared instance of singleton bean 'org.springframework.boot.test.mock.mockito.MockitoPostProcessor$SpyPostProcessor'
2025-01-07T22:25:17.093-06:00 DEBUG 8404 --- [customerapi] [           main] o.s.b.f.s.DefaultListableBeanFactory     : Creating shared instance of singleton bean 'org.springframework.context.annotation.internalAutowiredAnnotationProcessor'
2025-01-07T22:25:17.094-06:00 DEBUG 8404 --- [customerapi] [           main] o.s.b.f.s.DefaultListableBeanFactory     : Creating shared instance of singleton bean 'org.springframework.context.annotation.internalCommonAnnotationProcessor'
2025-01-07T22:25:17.097-06:00 DEBUG 8404 --- [customerapi] [           main] o.s.b.f.s.DefaultListableBeanFactory     : Creating shared instance of singleton bean 'org.springframework.context.annotation.internalPersistenceAnnotationProcessor'
2025-01-07T22:25:17.097-06:00 DEBUG 8404 --- [customerapi] [           main] o.s.b.f.s.DefaultListableBeanFactory     : Creating shared instance of singleton bean 'org.springframework.boot.context.properties.ConfigurationPropertiesBindingPostProcessor'
2025-01-07T22:25:17.097-06:00 DEBUG 8404 --- [customerapi] [           main] o.s.b.f.s.DefaultListableBeanFactory     : Creating shared instance of singleton bean 'org.springframework.boot.context.internalConfigurationPropertiesBinder'
2025-01-07T22:25:17.099-06:00 DEBUG 8404 --- [customerapi] [           main] o.s.b.f.s.DefaultListableBeanFactory     : Creating shared instance of singleton bean 'jdbcConnectionDetailsHikariBeanPostProcessor'
2025-01-07T22:25:17.102-06:00 DEBUG 8404 --- [customerapi] [           main] o.s.b.f.s.DefaultListableBeanFactory     : Creating shared instance of singleton bean 'org.springframework.aop.config.internalAutoProxyCreator'
2025-01-07T22:25:17.122-06:00 DEBUG 8404 --- [customerapi] [           main] o.s.b.f.s.DefaultListableBeanFactory     : Creating shared instance of singleton bean 'methodValidationPostProcessor'
2025-01-07T22:25:17.124-06:00 DEBUG 8404 --- [customerapi] [           main] o.s.b.f.s.DefaultListableBeanFactory     : Autowiring by type from bean name 'methodValidationPostProcessor' via factory method to bean named 'environment'
2025-01-07T22:25:17.131-06:00 DEBUG 8404 --- [customerapi] [           main] o.s.b.f.s.DefaultListableBeanFactory     : Creating shared instance of singleton bean 'org.springframework.boot.context.properties.EnableConfigurationPropertiesRegistrar.methodValidationExcludeFilter'
2025-01-07T22:25:17.144-06:00 DEBUG 8404 --- [customerapi] [           main] o.s.b.f.s.DefaultListableBeanFactory     : Creating shared instance of singleton bean 'persistenceExceptionTranslationPostProcessor'
2025-01-07T22:25:17.144-06:00 DEBUG 8404 --- [customerapi] [           main] o.s.b.f.s.DefaultListableBeanFactory     : Autowiring by type from bean name 'persistenceExceptionTranslationPostProcessor' via factory method to bean named 'environment'
2025-01-07T22:25:17.146-06:00 DEBUG 8404 --- [customerapi] [           main] o.s.b.f.s.DefaultListableBeanFactory     : Creating shared instance of singleton bean 'webServerFactoryCustomizerBeanPostProcessor'
2025-01-07T22:25:17.147-06:00 DEBUG 8404 --- [customerapi] [           main] o.s.b.f.s.DefaultListableBeanFactory     : Creating shared instance of singleton bean 'errorPageRegistrarBeanPostProcessor'
2025-01-07T22:25:17.147-06:00 DEBUG 8404 --- [customerapi] [           main] o.s.b.f.s.DefaultListableBeanFactory     : Creating shared instance of singleton bean 'projectingArgumentResolverBeanPostProcessor'
2025-01-07T22:25:17.148-06:00 DEBUG 8404 --- [customerapi] [           main] o.s.b.f.s.DefaultListableBeanFactory     : Creating shared instance of singleton bean 'preFilterAuthorizationAdvisor'
2025-01-07T22:25:17.148-06:00 DEBUG 8404 --- [customerapi] [           main] o.s.b.f.s.DefaultListableBeanFactory     : Creating shared instance of singleton bean 'preFilterAuthorizationMethodInterceptor'
2025-01-07T22:25:17.163-06:00 DEBUG 8404 --- [customerapi] [           main] o.s.b.f.s.DefaultListableBeanFactory     : Creating shared instance of singleton bean 'preAuthorizeAuthorizationAdvisor'
2025-01-07T22:25:17.163-06:00 DEBUG 8404 --- [customerapi] [           main] o.s.b.f.s.DefaultListableBeanFactory     : Creating shared instance of singleton bean 'preAuthorizeAuthorizationMethodInterceptor'
2025-01-07T22:25:17.164-06:00 DEBUG 8404 --- [customerapi] [           main] o.s.b.f.s.DefaultListableBeanFactory     : Creating shared instance of singleton bean 'postFilterAuthorizationAdvisor'
2025-01-07T22:25:17.164-06:00 DEBUG 8404 --- [customerapi] [           main] o.s.b.f.s.DefaultListableBeanFactory     : Creating shared instance of singleton bean 'postFilterAuthorizationMethodInterceptor'
2025-01-07T22:25:17.164-06:00 DEBUG 8404 --- [customerapi] [           main] o.s.b.f.s.DefaultListableBeanFactory     : Creating shared instance of singleton bean 'postAuthorizeAuthorizationAdvisor'
2025-01-07T22:25:17.164-06:00 DEBUG 8404 --- [customerapi] [           main] o.s.b.f.s.DefaultListableBeanFactory     : Creating shared instance of singleton bean 'postAuthorizeAuthorizationMethodInterceptor'
2025-01-07T22:25:17.165-06:00 DEBUG 8404 --- [customerapi] [           main] o.s.b.f.s.DefaultListableBeanFactory     : Creating shared instance of singleton bean 'authorizeReturnObjectAdvisor'
2025-01-07T22:25:17.165-06:00 DEBUG 8404 --- [customerapi] [           main] o.s.b.f.s.DefaultListableBeanFactory     : Creating shared instance of singleton bean 'authorizeReturnObjectMethodInterceptor'
2025-01-07T22:25:17.165-06:00 DEBUG 8404 --- [customerapi] [           main] o.s.b.f.s.DefaultListableBeanFactory     : Creating shared instance of singleton bean 'authorizationProxyFactory'
2025-01-07T22:25:17.168-06:00 DEBUG 8404 --- [customerapi] [           main] o.s.b.f.s.DefaultListableBeanFactory     : Autowiring by type from bean name 'authorizeReturnObjectMethodInterceptor' via factory method to bean named 'authorizationProxyFactory'
2025-01-07T22:25:17.172-06:00 DEBUG 8404 --- [customerapi] [           main] o.s.b.f.s.DefaultListableBeanFactory     : Creating shared instance of singleton bean 'org.springframework.transaction.config.internalTransactionAdvisor'
2025-01-07T22:25:17.172-06:00 DEBUG 8404 --- [customerapi] [           main] o.s.b.f.s.DefaultListableBeanFactory     : Creating shared instance of singleton bean 'org.springframework.transaction.annotation.ProxyTransactionManagementConfiguration'
2025-01-07T22:25:17.182-06:00 DEBUG 8404 --- [customerapi] [           main] o.s.b.f.s.DefaultListableBeanFactory     : Creating shared instance of singleton bean 'transactionAttributeSource'
2025-01-07T22:25:17.185-06:00 DEBUG 8404 --- [customerapi] [           main] o.s.b.f.s.DefaultListableBeanFactory     : Creating shared instance of singleton bean 'transactionInterceptor'
2025-01-07T22:25:17.185-06:00 DEBUG 8404 --- [customerapi] [           main] o.s.b.f.s.DefaultListableBeanFactory     : Autowiring by type from bean name 'transactionInterceptor' via factory method to bean named 'transactionAttributeSource'
2025-01-07T22:25:17.189-06:00 DEBUG 8404 --- [customerapi] [           main] o.s.b.f.s.DefaultListableBeanFactory     : Autowiring by type from bean name 'org.springframework.transaction.config.internalTransactionAdvisor' via factory method to bean named 'transactionAttributeSource'
2025-01-07T22:25:17.189-06:00 DEBUG 8404 --- [customerapi] [           main] o.s.b.f.s.DefaultListableBeanFactory     : Autowiring by type from bean name 'org.springframework.transaction.config.internalTransactionAdvisor' via factory method to bean named 'transactionInterceptor'
2025-01-07T22:25:17.210-06:00 DEBUG 8404 --- [customerapi] [           main] o.s.u.c.s.UiApplicationContextUtils      : Unable to locate ThemeSource with name 'themeSource': using default [org.springframework.ui.context.support.ResourceBundleThemeSource@7fd99443]
2025-01-07T22:25:17.211-06:00 DEBUG 8404 --- [customerapi] [           main] o.s.b.f.s.DefaultListableBeanFactory     : Creating shared instance of singleton bean 'org.springframework.test.context.support.internalDynamicPropertyRegistrarBeanInitializer'
2025-01-07T22:25:17.213-06:00 DEBUG 8404 --- [customerapi] [           main] o.s.b.f.s.DefaultListableBeanFactory     : Creating shared instance of singleton bean 'dataSourceScriptDatabaseInitializer'
2025-01-07T22:25:17.214-06:00 DEBUG 8404 --- [customerapi] [           main] o.s.b.f.s.DefaultListableBeanFactory     : Creating shared instance of singleton bean 'org.springframework.boot.autoconfigure.sql.init.DataSourceInitializationConfiguration'
2025-01-07T22:25:17.214-06:00 DEBUG 8404 --- [customerapi] [           main] o.s.b.f.s.DefaultListableBeanFactory     : Creating shared instance of singleton bean 'dataSource'
2025-01-07T22:25:17.215-06:00 DEBUG 8404 --- [customerapi] [           main] o.s.b.f.s.DefaultListableBeanFactory     : Creating shared instance of singleton bean 'org.springframework.boot.autoconfigure.jdbc.DataSourceConfiguration$Hikari'
2025-01-07T22:25:17.216-06:00 DEBUG 8404 --- [customerapi] [           main] o.s.b.f.s.DefaultListableBeanFactory     : Creating shared instance of singleton bean 'spring.datasource-org.springframework.boot.autoconfigure.jdbc.DataSourceProperties'
2025-01-07T22:25:17.217-06:00 DEBUG 8404 --- [customerapi] [           main] o.s.b.f.s.DefaultListableBeanFactory     : Creating shared instance of singleton bean 'org.springframework.boot.context.properties.BoundConfigurationProperties'
2025-01-07T22:25:17.231-06:00 DEBUG 8404 --- [customerapi] [           main] o.s.b.f.s.DefaultListableBeanFactory     : Creating shared instance of singleton bean 'jdbcConnectionDetails'
2025-01-07T22:25:17.231-06:00 DEBUG 8404 --- [customerapi] [           main] o.s.b.f.s.DefaultListableBeanFactory     : Creating shared instance of singleton bean 'org.springframework.boot.autoconfigure.jdbc.DataSourceAutoConfiguration$PooledDataSourceConfiguration'
2025-01-07T22:25:17.233-06:00 DEBUG 8404 --- [customerapi] [           main] o.s.b.f.s.DefaultListableBeanFactory     : Autowiring by type from bean name 'jdbcConnectionDetails' via factory method to bean named 'spring.datasource-org.springframework.boot.autoconfigure.jdbc.DataSourceProperties'
2025-01-07T22:25:17.234-06:00 DEBUG 8404 --- [customerapi] [           main] o.s.b.f.s.DefaultListableBeanFactory     : Autowiring by type from bean name 'dataSource' via factory method to bean named 'spring.datasource-org.springframework.boot.autoconfigure.jdbc.DataSourceProperties'
2025-01-07T22:25:17.234-06:00 DEBUG 8404 --- [customerapi] [           main] o.s.b.f.s.DefaultListableBeanFactory     : Autowiring by type from bean name 'dataSource' via factory method to bean named 'jdbcConnectionDetails'
2025-01-07T22:25:17.263-06:00 DEBUG 8404 --- [customerapi] [           main] o.s.b.f.s.DefaultListableBeanFactory     : Creating shared instance of singleton bean 'spring.sql.init-org.springframework.boot.autoconfigure.sql.init.SqlInitializationProperties'
2025-01-07T22:25:17.266-06:00 DEBUG 8404 --- [customerapi] [           main] o.s.b.f.s.DefaultListableBeanFactory     : Autowiring by type from bean name 'dataSourceScriptDatabaseInitializer' via factory method to bean named 'dataSource'
2025-01-07T22:25:17.266-06:00 DEBUG 8404 --- [customerapi] [           main] o.s.b.f.s.DefaultListableBeanFactory     : Autowiring by type from bean name 'dataSourceScriptDatabaseInitializer' via factory method to bean named 'spring.sql.init-org.springframework.boot.autoconfigure.sql.init.SqlInitializationProperties'
2025-01-07T22:25:17.271-06:00 DEBUG 8404 --- [customerapi] [           main] o.s.b.f.s.DefaultListableBeanFactory     : Creating shared instance of singleton bean 'entityManagerFactory'
2025-01-07T22:25:17.272-06:00 DEBUG 8404 --- [customerapi] [           main] o.s.b.f.s.DefaultListableBeanFactory     : Creating shared instance of singleton bean 'org.springframework.boot.autoconfigure.orm.jpa.HibernateJpaConfiguration'
2025-01-07T22:25:17.273-06:00 DEBUG 8404 --- [customerapi] [           main] o.s.b.f.s.DefaultListableBeanFactory     : Creating shared instance of singleton bean 'spring.jpa-org.springframework.boot.autoconfigure.orm.jpa.JpaProperties'
2025-01-07T22:25:17.280-06:00 DEBUG 8404 --- [customerapi] [           main] o.s.b.f.s.DefaultListableBeanFactory     : Creating shared instance of singleton bean 'spring.jpa.hibernate-org.springframework.boot.autoconfigure.orm.jpa.HibernateProperties'
2025-01-07T22:25:17.281-06:00 DEBUG 8404 --- [customerapi] [           main] o.s.b.f.s.DefaultListableBeanFactory     : Autowiring by type from bean name 'org.springframework.boot.autoconfigure.orm.jpa.HibernateJpaConfiguration' via constructor to bean named 'dataSource'
2025-01-07T22:25:17.281-06:00 DEBUG 8404 --- [customerapi] [           main] o.s.b.f.s.DefaultListableBeanFactory     : Autowiring by type from bean name 'org.springframework.boot.autoconfigure.orm.jpa.HibernateJpaConfiguration' via constructor to bean named 'spring.jpa-org.springframework.boot.autoconfigure.orm.jpa.JpaProperties'
2025-01-07T22:25:17.282-06:00 DEBUG 8404 --- [customerapi] [           main] o.s.b.f.s.DefaultListableBeanFactory     : Autowiring by type from bean name 'org.springframework.boot.autoconfigure.orm.jpa.HibernateJpaConfiguration' via constructor to bean named 'org.springframework.beans.factory.support.DefaultListableBeanFactory@312afbc7'
2025-01-07T22:25:17.282-06:00 DEBUG 8404 --- [customerapi] [           main] o.s.b.f.s.DefaultListableBeanFactory     : Autowiring by type from bean name 'org.springframework.boot.autoconfigure.orm.jpa.HibernateJpaConfiguration' via constructor to bean named 'spring.jpa.hibernate-org.springframework.boot.autoconfigure.orm.jpa.HibernateProperties'
2025-01-07T22:25:17.284-06:00 DEBUG 8404 --- [customerapi] [           main] o.s.b.f.s.DefaultListableBeanFactory     : Creating shared instance of singleton bean 'hikariPoolDataSourceMetadataProvider'
2025-01-07T22:25:17.284-06:00 DEBUG 8404 --- [customerapi] [           main] o.s.b.f.s.DefaultListableBeanFactory     : Creating shared instance of singleton bean 'org.springframework.boot.autoconfigure.jdbc.metadata.DataSourcePoolMetadataProvidersConfiguration$HikariPoolDataSourceMetadataProviderConfiguration'
2025-01-07T22:25:17.289-06:00 DEBUG 8404 --- [customerapi] [           main] o.s.b.f.s.DefaultListableBeanFactory     : Creating shared instance of singleton bean 'entityManagerFactoryBuilder'
2025-01-07T22:25:17.289-06:00 DEBUG 8404 --- [customerapi] [           main] o.s.b.f.s.DefaultListableBeanFactory     : Creating shared instance of singleton bean 'jpaVendorAdapter'
2025-01-07T22:25:17.317-06:00 DEBUG 8404 --- [customerapi] [           main] o.s.b.f.s.DefaultListableBeanFactory     : Autowiring by type from bean name 'entityManagerFactoryBuilder' via factory method to bean named 'jpaVendorAdapter'
2025-01-07T22:25:17.334-06:00 DEBUG 8404 --- [customerapi] [           main] o.s.b.f.s.DefaultListableBeanFactory     : Creating shared instance of singleton bean 'persistenceManagedTypes'
2025-01-07T22:25:17.335-06:00 DEBUG 8404 --- [customerapi] [           main] o.s.b.f.s.DefaultListableBeanFactory     : Autowiring by type from bean name 'persistenceManagedTypes' via factory method to bean named 'org.springframework.beans.factory.support.DefaultListableBeanFactory@312afbc7'
2025-01-07T22:25:17.335-06:00 DEBUG 8404 --- [customerapi] [           main] o.s.b.f.s.DefaultListableBeanFactory     : Autowiring by type from bean name 'persistenceManagedTypes' via factory method to bean named 'org.springframework.web.context.support.GenericWebApplicationContext@4d666b41'
2025-01-07T22:25:17.343-06:00 DEBUG 8404 --- [customerapi] [           main] o.s.b.f.s.DefaultListableBeanFactory     : Autowiring by type from bean name 'entityManagerFactory' via factory method to bean named 'entityManagerFactoryBuilder'
2025-01-07T22:25:17.344-06:00 DEBUG 8404 --- [customerapi] [           main] o.s.b.f.s.DefaultListableBeanFactory     : Autowiring by type from bean name 'entityManagerFactory' via factory method to bean named 'persistenceManagedTypes'
2025-01-07T22:25:17.352-06:00 DEBUG 8404 --- [customerapi] [           main] j.LocalContainerEntityManagerFactoryBean : Building JPA container EntityManagerFactory for persistence unit 'default'
2025-01-07T22:25:17.366-06:00  INFO 8404 --- [customerapi] [           main] o.hibernate.jpa.internal.util.LogHelper  : HHH000204: Processing PersistenceUnitInfo [name: default]
2025-01-07T22:25:17.427-06:00  INFO 8404 --- [customerapi] [           main] org.hibernate.Version                    : HHH000412: Hibernate ORM core version 6.6.4.Final
2025-01-07T22:25:17.458-06:00  INFO 8404 --- [customerapi] [           main] o.h.c.internal.RegionFactoryInitiator    : HHH000026: Second-level cache disabled
2025-01-07T22:25:17.714-06:00  INFO 8404 --- [customerapi] [           main] o.s.o.j.p.SpringPersistenceUnitInfo      : No LoadTimeWeaver setup: ignoring JPA class transformer
2025-01-07T22:25:17.739-06:00  INFO 8404 --- [customerapi] [           main] com.zaxxer.hikari.HikariDataSource       : HikariPool-1 - Starting...
2025-01-07T22:25:17.883-06:00  INFO 8404 --- [customerapi] [           main] com.zaxxer.hikari.pool.HikariPool        : HikariPool-1 - Added connection com.mysql.cj.jdbc.ConnectionImpl@3e6acec2
2025-01-07T22:25:17.885-06:00  INFO 8404 --- [customerapi] [           main] com.zaxxer.hikari.HikariDataSource       : HikariPool-1 - Start completed.
2025-01-07T22:25:17.901-06:00  WARN 8404 --- [customerapi] [           main] org.hibernate.orm.deprecation            : HHH90000025: MySQL8Dialect does not need to be specified explicitly using 'hibernate.dialect' (remove the property setting and it will be selected by default)
2025-01-07T22:25:17.901-06:00  WARN 8404 --- [customerapi] [           main] org.hibernate.orm.deprecation            : HHH90000026: MySQL8Dialect has been deprecated; use org.hibernate.dialect.MySQLDialect instead
2025-01-07T22:25:17.914-06:00  INFO 8404 --- [customerapi] [           main] org.hibernate.orm.connections.pooling    : HHH10001005: Database info:
	Database JDBC URL [Connecting through datasource 'HikariDataSource (HikariPool-1)']
	Database driver: undefined/unknown
	Database version: 8.0
	Autocommit mode: undefined/unknown
	Isolation level: undefined/unknown
	Minimum pool size: undefined/unknown
	Maximum pool size: undefined/unknown
2025-01-07T22:25:17.920-06:00 DEBUG 8404 --- [customerapi] [           main] o.h.t.d.sql.spi.DdlTypeRegistry          : addDescriptor(12, org.hibernate.type.descriptor.sql.internal.CapacityDependentDdlType@7434ee13) replaced previous registration(org.hibernate.type.descriptor.sql.internal.CapacityDependentDdlType@44a14de0)
2025-01-07T22:25:17.920-06:00 DEBUG 8404 --- [customerapi] [           main] o.h.t.d.sql.spi.DdlTypeRegistry          : addDescriptor(-9, org.hibernate.type.descriptor.sql.internal.CapacityDependentDdlType@50fd739d) replaced previous registration(org.hibernate.type.descriptor.sql.internal.CapacityDependentDdlType@5e1d1524)
2025-01-07T22:25:17.921-06:00 DEBUG 8404 --- [customerapi] [           main] o.h.t.d.sql.spi.DdlTypeRegistry          : addDescriptor(-3, org.hibernate.type.descriptor.sql.internal.CapacityDependentDdlType@d0a2c82) replaced previous registration(org.hibernate.type.descriptor.sql.internal.CapacityDependentDdlType@430aae8e)
2025-01-07T22:25:17.921-06:00 DEBUG 8404 --- [customerapi] [           main] o.h.t.d.sql.spi.DdlTypeRegistry          : addDescriptor(4003, org.hibernate.type.descriptor.sql.internal.DdlTypeImpl@78504ce9) replaced previous registration(org.hibernate.type.descriptor.sql.internal.DdlTypeImpl@4e52d2f2)
2025-01-07T22:25:17.921-06:00 DEBUG 8404 --- [customerapi] [           main] o.h.t.d.sql.spi.DdlTypeRegistry          : addDescriptor(4001, org.hibernate.type.descriptor.sql.internal.DdlTypeImpl@12608986) replaced previous registration(org.hibernate.type.descriptor.sql.internal.DdlTypeImpl@4882b9a)
2025-01-07T22:25:17.921-06:00 DEBUG 8404 --- [customerapi] [           main] o.h.t.d.sql.spi.DdlTypeRegistry          : addDescriptor(4002, org.hibernate.type.descriptor.sql.internal.DdlTypeImpl@7ec508e6) replaced previous registration(org.hibernate.type.descriptor.sql.internal.DdlTypeImpl@26d8908e)
2025-01-07T22:25:17.921-06:00 DEBUG 8404 --- [customerapi] [           main] o.h.t.d.sql.spi.DdlTypeRegistry          : addDescriptor(2004, org.hibernate.type.descriptor.sql.internal.CapacityDependentDdlType@30e2016a) replaced previous registration(org.hibernate.type.descriptor.sql.internal.DdlTypeImpl@75f32817)
2025-01-07T22:25:17.921-06:00 DEBUG 8404 --- [customerapi] [           main] o.h.t.d.sql.spi.DdlTypeRegistry          : addDescriptor(2005, org.hibernate.type.descriptor.sql.internal.CapacityDependentDdlType@23a78c77) replaced previous registration(org.hibernate.type.descriptor.sql.internal.DdlTypeImpl@4119346d)
2025-01-07T22:25:17.921-06:00 DEBUG 8404 --- [customerapi] [           main] o.h.t.d.sql.spi.DdlTypeRegistry          : addDescriptor(2011, org.hibernate.type.descriptor.sql.internal.CapacityDependentDdlType@61d09475) replaced previous registration(org.hibernate.type.descriptor.sql.internal.DdlTypeImpl@d0fabc8)
2025-01-07T22:25:18.525-06:00  INFO 8404 --- [customerapi] [           main] o.h.e.t.j.p.i.JtaPlatformInitiator       : HHH000489: No JTA platform available (set 'hibernate.transaction.jta.platform' to enable JTA platform integration)
2025-01-07T22:25:18.538-06:00 DEBUG 8404 --- [customerapi] [           main] org.hibernate.SQL                        : 
    drop table if exists customers
Hibernate: 
    drop table if exists customers
2025-01-07T22:25:18.901-06:00 DEBUG 8404 --- [customerapi] [           main] org.hibernate.SQL                        : 
    create table customers (
        customer_id bigint not null auto_increment,
        email varchar(255) not null,
        first_name varchar(255) not null,
        last_name varchar(255) not null,
        phone_number varchar(255) not null,
        primary key (customer_id)
    ) engine=InnoDB
Hibernate: 
    create table customers (
        customer_id bigint not null auto_increment,
        email varchar(255) not null,
        first_name varchar(255) not null,
        last_name varchar(255) not null,
        phone_number varchar(255) not null,
        primary key (customer_id)
    ) engine=InnoDB
2025-01-07T22:25:18.906-06:00 DEBUG 8404 --- [customerapi] [           main] org.hibernate.SQL                        : 
    alter table customers 
       add constraint UKrfbvkrffamfql7cjmen8v976v unique (email)
Hibernate: 
    alter table customers 
       add constraint UKrfbvkrffamfql7cjmen8v976v unique (email)
2025-01-07T22:25:18.920-06:00  INFO 8404 --- [customerapi] [           main] j.LocalContainerEntityManagerFactoryBean : Initialized JPA EntityManagerFactory for persistence unit 'default'
2025-01-07T22:25:18.925-06:00 DEBUG 8404 --- [customerapi] [           main] o.s.b.f.s.DefaultListableBeanFactory     : Creating shared instance of singleton bean 'customerapiApplication'
2025-01-07T22:25:18.928-06:00 DEBUG 8404 --- [customerapi] [           main] o.s.b.f.s.DefaultListableBeanFactory     : Creating shared instance of singleton bean 'openAPIConfig'
2025-01-07T22:25:18.928-06:00 DEBUG 8404 --- [customerapi] [           main] o.s.b.f.s.DefaultListableBeanFactory     : Creating shared instance of singleton bean 'securityConfig'
2025-01-07T22:25:18.929-06:00 DEBUG 8404 --- [customerapi] [           main] o.s.b.f.s.DefaultListableBeanFactory     : Creating shared instance of singleton bean 'customerController'
2025-01-07T22:25:18.935-06:00 DEBUG 8404 --- [customerapi] [           main] o.s.b.f.s.DefaultListableBeanFactory     : Creating shared instance of singleton bean 'customerRepository'
2025-01-07T22:25:18.943-06:00 DEBUG 8404 --- [customerapi] [           main] o.s.b.f.s.DefaultListableBeanFactory     : Creating shared instance of singleton bean 'jpa.named-queries#0'
2025-01-07T22:25:18.946-06:00 DEBUG 8404 --- [customerapi] [           main] o.s.b.f.s.DefaultListableBeanFactory     : Creating shared instance of singleton bean 'jpa.CustomerRepository.fragments#0'
2025-01-07T22:25:18.951-06:00 DEBUG 8404 --- [customerapi] [           main] o.s.b.f.s.DefaultListableBeanFactory     : Creating shared instance of singleton bean 'jpaSharedEM_entityManagerFactory'
2025-01-07T22:25:18.972-06:00 DEBUG 8404 --- [customerapi] [           main] o.s.b.f.s.DefaultListableBeanFactory     : Creating shared instance of singleton bean 'jpaMappingContext'
2025-01-07T22:25:18.973-06:00 DEBUG 8404 --- [customerapi] [           main] .c.JpaMetamodelMappingContextFactoryBean : Initializing JpaMetamodelMappingContext…
2025-01-07T22:25:18.984-06:00 DEBUG 8404 --- [customerapi] [           main] .c.JpaMetamodelMappingContextFactoryBean : Finished initializing JpaMetamodelMappingContext
2025-01-07T22:25:19.005-06:00 DEBUG 8404 --- [customerapi] [           main] tor$SharedEntityManagerInvocationHandler : Creating new EntityManager for shared EntityManager invocation
2025-01-07T22:25:19.036-06:00 DEBUG 8404 --- [customerapi] [           main] tor$SharedEntityManagerInvocationHandler : Creating new EntityManager for shared EntityManager invocation
2025-01-07T22:25:19.071-06:00 DEBUG 8404 --- [customerapi] [           main] o.s.d.r.c.s.RepositoryFactorySupport     : Initializing repository instance for com.upiiz.customerapi.repository.CustomerRepository…
2025-01-07T22:25:19.082-06:00 DEBUG 8404 --- [customerapi] [           main] tor$SharedEntityManagerInvocationHandler : Creating new EntityManager for shared EntityManager invocation
2025-01-07T22:25:19.101-06:00 DEBUG 8404 --- [customerapi] [           main] o.s.d.r.c.s.RepositoryFactorySupport     : Finished creation of repository instance for com.upiiz.customerapi.repository.CustomerRepository.
2025-01-07T22:25:19.128-06:00 DEBUG 8404 --- [customerapi] [           main] o.s.b.f.s.DefaultListableBeanFactory     : Creating shared instance of singleton bean '_prePostMethodSecurityConfiguration'
2025-01-07T22:25:19.130-06:00 DEBUG 8404 --- [customerapi] [           main] o.s.b.f.s.DefaultListableBeanFactory     : Creating shared instance of singleton bean 'methodAuthorizationManagerPostProcessor'
2025-01-07T22:25:19.134-06:00 DEBUG 8404 --- [customerapi] [           main] o.s.b.f.s.DefaultListableBeanFactory     : Creating shared instance of singleton bean 'methodResultAuthorizationManagerPostProcessor'
2025-01-07T22:25:19.138-06:00 DEBUG 8404 --- [customerapi] [           main] o.s.b.f.s.DefaultListableBeanFactory     : Creating shared instance of singleton bean 'prePostAuthorizeExpressionHintsRegistrar'
2025-01-07T22:25:19.139-06:00 DEBUG 8404 --- [customerapi] [           main] o.s.b.f.s.DefaultListableBeanFactory     : Creating shared instance of singleton bean 'org.springframework.security.config.annotation.method.configuration.AuthorizationProxyConfiguration'
2025-01-07T22:25:19.140-06:00 DEBUG 8404 --- [customerapi] [           main] o.s.b.f.s.DefaultListableBeanFactory     : Creating shared instance of singleton bean 'authorizeReturnObjectHintsRegistrar'
2025-01-07T22:25:19.140-06:00 DEBUG 8404 --- [customerapi] [           main] o.s.b.f.s.DefaultListableBeanFactory     : Autowiring by type from bean name 'authorizeReturnObjectHintsRegistrar' via factory method to bean named 'authorizationProxyFactory'
2025-01-07T22:25:19.141-06:00 DEBUG 8404 --- [customerapi] [           main] o.s.b.f.s.DefaultListableBeanFactory     : Creating shared instance of singleton bean 'org.springframework.security.config.annotation.method.configuration.MethodObservationConfiguration'
2025-01-07T22:25:19.141-06:00 DEBUG 8404 --- [customerapi] [           main] o.s.b.f.s.DefaultListableBeanFactory     : Creating shared instance of singleton bean 'userDetailsService'
2025-01-07T22:25:19.143-06:00 DEBUG 8404 --- [customerapi] [           main] o.s.b.f.s.DefaultListableBeanFactory     : Creating shared instance of singleton bean 'passwordEncoder'
2025-01-07T22:25:19.491-06:00 DEBUG 8404 --- [customerapi] [           main] o.s.b.f.s.DefaultListableBeanFactory     : Creating shared instance of singleton bean 'securityFilterChain'
2025-01-07T22:25:19.492-06:00 DEBUG 8404 --- [customerapi] [           main] o.s.b.f.s.DefaultListableBeanFactory     : Creating shared instance of singleton bean 'org.springframework.security.config.annotation.web.configuration.HttpSecurityConfiguration'
2025-01-07T22:25:19.494-06:00 DEBUG 8404 --- [customerapi] [           main] o.s.b.f.s.DefaultListableBeanFactory     : Creating shared instance of singleton bean 'objectPostProcessor'
2025-01-07T22:25:19.494-06:00 DEBUG 8404 --- [customerapi] [           main] o.s.b.f.s.DefaultListableBeanFactory     : Creating shared instance of singleton bean 'org.springframework.security.config.annotation.configuration.ObjectPostProcessorConfiguration'
2025-01-07T22:25:19.494-06:00 DEBUG 8404 --- [customerapi] [           main] o.s.b.f.s.DefaultListableBeanFactory     : Autowiring by type from bean name 'objectPostProcessor' via factory method to bean named 'org.springframework.beans.factory.support.DefaultListableBeanFactory@312afbc7'
2025-01-07T22:25:19.495-06:00 DEBUG 8404 --- [customerapi] [           main] o.s.b.f.s.DefaultListableBeanFactory     : Creating shared instance of singleton bean 'org.springframework.security.config.annotation.authentication.configuration.AuthenticationConfiguration'
2025-01-07T22:25:19.496-06:00 DEBUG 8404 --- [customerapi] [           main] o.s.b.f.s.DefaultListableBeanFactory     : Creating shared instance of singleton bean 'enableGlobalAuthenticationAutowiredConfigurer'
2025-01-07T22:25:19.497-06:00 DEBUG 8404 --- [customerapi] [           main] o.s.b.f.s.DefaultListableBeanFactory     : Autowiring by type from bean name 'enableGlobalAuthenticationAutowiredConfigurer' via factory method to bean named 'org.springframework.web.context.support.GenericWebApplicationContext@4d666b41'
2025-01-07T22:25:19.498-06:00 DEBUG 8404 --- [customerapi] [           main] o.s.b.f.s.DefaultListableBeanFactory     : Creating shared instance of singleton bean 'initializeUserDetailsBeanManagerConfigurer'
2025-01-07T22:25:19.498-06:00 DEBUG 8404 --- [customerapi] [           main] o.s.b.f.s.DefaultListableBeanFactory     : Autowiring by type from bean name 'initializeUserDetailsBeanManagerConfigurer' via factory method to bean named 'org.springframework.web.context.support.GenericWebApplicationContext@4d666b41'
2025-01-07T22:25:19.498-06:00 DEBUG 8404 --- [customerapi] [           main] o.s.b.f.s.DefaultListableBeanFactory     : Creating shared instance of singleton bean 'initializeAuthenticationProviderBeanManagerConfigurer'
2025-01-07T22:25:19.498-06:00 DEBUG 8404 --- [customerapi] [           main] o.s.b.f.s.DefaultListableBeanFactory     : Autowiring by type from bean name 'initializeAuthenticationProviderBeanManagerConfigurer' via factory method to bean named 'org.springframework.web.context.support.GenericWebApplicationContext@4d666b41'
2025-01-07T22:25:19.500-06:00 DEBUG 8404 --- [customerapi] [           main] o.s.b.f.s.DefaultListableBeanFactory     : Creating shared instance of singleton bean 'mvcContentNegotiationManager'
2025-01-07T22:25:19.500-06:00 DEBUG 8404 --- [customerapi] [           main] o.s.b.f.s.DefaultListableBeanFactory     : Creating shared instance of singleton bean 'org.springframework.boot.autoconfigure.web.servlet.WebMvcAutoConfiguration$EnableWebMvcConfiguration'
2025-01-07T22:25:19.501-06:00 DEBUG 8404 --- [customerapi] [           main] o.s.b.f.s.DefaultListableBeanFactory     : Creating shared instance of singleton bean 'spring.mvc-org.springframework.boot.autoconfigure.web.servlet.WebMvcProperties'
2025-01-07T22:25:19.504-06:00 DEBUG 8404 --- [customerapi] [           main] o.s.b.f.s.DefaultListableBeanFactory     : Creating shared instance of singleton bean 'spring.web-org.springframework.boot.autoconfigure.web.WebProperties'
2025-01-07T22:25:19.507-06:00 DEBUG 8404 --- [customerapi] [           main] o.s.b.f.s.DefaultListableBeanFactory     : Autowiring by type from bean name 'org.springframework.boot.autoconfigure.web.servlet.WebMvcAutoConfiguration$EnableWebMvcConfiguration' via constructor to bean named 'spring.mvc-org.springframework.boot.autoconfigure.web.servlet.WebMvcProperties'
2025-01-07T22:25:19.507-06:00 DEBUG 8404 --- [customerapi] [           main] o.s.b.f.s.DefaultListableBeanFactory     : Autowiring by type from bean name 'org.springframework.boot.autoconfigure.web.servlet.WebMvcAutoConfiguration$EnableWebMvcConfiguration' via constructor to bean named 'spring.web-org.springframework.boot.autoconfigure.web.WebProperties'
2025-01-07T22:25:19.507-06:00 DEBUG 8404 --- [customerapi] [           main] o.s.b.f.s.DefaultListableBeanFactory     : Autowiring by type from bean name 'org.springframework.boot.autoconfigure.web.servlet.WebMvcAutoConfiguration$EnableWebMvcConfiguration' via constructor to bean named 'org.springframework.beans.factory.support.DefaultListableBeanFactory@312afbc7'
2025-01-07T22:25:19.510-06:00 DEBUG 8404 --- [customerapi] [           main] o.s.b.f.s.DefaultListableBeanFactory     : Creating shared instance of singleton bean 'org.springframework.boot.autoconfigure.web.servlet.WebMvcAutoConfiguration$WebMvcAutoConfigurationAdapter'
2025-01-07T22:25:19.510-06:00 DEBUG 8404 --- [customerapi] [           main] o.s.b.f.s.DefaultListableBeanFactory     : Autowiring by type from bean name 'org.springframework.boot.autoconfigure.web.servlet.WebMvcAutoConfiguration$WebMvcAutoConfigurationAdapter' via constructor to bean named 'spring.web-org.springframework.boot.autoconfigure.web.WebProperties'
2025-01-07T22:25:19.510-06:00 DEBUG 8404 --- [customerapi] [           main] o.s.b.f.s.DefaultListableBeanFactory     : Autowiring by type from bean name 'org.springframework.boot.autoconfigure.web.servlet.WebMvcAutoConfiguration$WebMvcAutoConfigurationAdapter' via constructor to bean named 'spring.mvc-org.springframework.boot.autoconfigure.web.servlet.WebMvcProperties'
2025-01-07T22:25:19.510-06:00 DEBUG 8404 --- [customerapi] [           main] o.s.b.f.s.DefaultListableBeanFactory     : Autowiring by type from bean name 'org.springframework.boot.autoconfigure.web.servlet.WebMvcAutoConfiguration$WebMvcAutoConfigurationAdapter' via constructor to bean named 'org.springframework.beans.factory.support.DefaultListableBeanFactory@312afbc7'
2025-01-07T22:25:19.513-06:00 DEBUG 8404 --- [customerapi] [           main] o.s.b.f.s.DefaultListableBeanFactory     : Creating shared instance of singleton bean 'swaggerWebMvcConfigurer'
2025-01-07T22:25:19.513-06:00 DEBUG 8404 --- [customerapi] [           main] o.s.b.f.s.DefaultListableBeanFactory     : Creating shared instance of singleton bean 'org.springdoc.webmvc.ui.SwaggerConfig'
2025-01-07T22:25:19.514-06:00 DEBUG 8404 --- [customerapi] [           main] o.s.b.f.s.DefaultListableBeanFactory     : Creating shared instance of singleton bean 'org.springdoc.core.properties.SwaggerUiConfigParameters'
2025-01-07T22:25:19.515-06:00 DEBUG 8404 --- [customerapi] [           main] o.s.b.f.s.DefaultListableBeanFactory     : Creating shared instance of singleton bean 'org.springdoc.core.properties.SwaggerUiConfigProperties'
2025-01-07T22:25:19.520-06:00 DEBUG 8404 --- [customerapi] [           main] o.s.b.f.s.DefaultListableBeanFactory     : Autowiring by type from bean name 'org.springdoc.core.properties.SwaggerUiConfigParameters' via constructor to bean named 'org.springdoc.core.properties.SwaggerUiConfigProperties'
2025-01-07T22:25:19.524-06:00 DEBUG 8404 --- [customerapi] [           main] o.s.b.f.s.DefaultListableBeanFactory     : Creating shared instance of singleton bean 'indexPageTransformer'
2025-01-07T22:25:19.525-06:00 DEBUG 8404 --- [customerapi] [           main] o.s.b.f.s.DefaultListableBeanFactory     : Creating shared instance of singleton bean 'org.springdoc.core.properties.SwaggerUiOAuthProperties'
2025-01-07T22:25:19.527-06:00 DEBUG 8404 --- [customerapi] [           main] o.s.b.f.s.DefaultListableBeanFactory     : Creating shared instance of singleton bean 'swaggerWelcome'
2025-01-07T22:25:19.527-06:00 DEBUG 8404 --- [customerapi] [           main] o.s.b.f.s.DefaultListableBeanFactory     : Creating shared instance of singleton bean 'org.springdoc.core.properties.SpringDocConfigProperties'
2025-01-07T22:25:19.533-06:00 DEBUG 8404 --- [customerapi] [           main] o.s.b.f.s.DefaultListableBeanFactory     : Creating shared instance of singleton bean 'springWebProvider'
2025-01-07T22:25:19.534-06:00 DEBUG 8404 --- [customerapi] [           main] o.s.b.f.s.DefaultListableBeanFactory     : Creating shared instance of singleton bean 'org.springdoc.webmvc.core.configuration.SpringDocWebMvcConfiguration'
2025-01-07T22:25:19.538-06:00 DEBUG 8404 --- [customerapi] [           main] o.s.b.f.s.DefaultListableBeanFactory     : Autowiring by type from bean name 'swaggerWelcome' via factory method to bean named 'org.springdoc.core.properties.SwaggerUiConfigProperties'
2025-01-07T22:25:19.538-06:00 DEBUG 8404 --- [customerapi] [           main] o.s.b.f.s.DefaultListableBeanFactory     : Autowiring by type from bean name 'swaggerWelcome' via factory method to bean named 'org.springdoc.core.properties.SpringDocConfigProperties'
2025-01-07T22:25:19.538-06:00 DEBUG 8404 --- [customerapi] [           main] o.s.b.f.s.DefaultListableBeanFactory     : Autowiring by type from bean name 'swaggerWelcome' via factory method to bean named 'org.springdoc.core.properties.SwaggerUiConfigParameters'
2025-01-07T22:25:19.538-06:00 DEBUG 8404 --- [customerapi] [           main] o.s.b.f.s.DefaultListableBeanFactory     : Autowiring by type from bean name 'swaggerWelcome' via factory method to bean named 'springWebProvider'
2025-01-07T22:25:19.543-06:00 DEBUG 8404 --- [customerapi] [           main] o.s.b.f.s.DefaultListableBeanFactory     : Creating shared instance of singleton bean 'springdocObjectMapperProvider'
2025-01-07T22:25:19.543-06:00 DEBUG 8404 --- [customerapi] [           main] o.s.b.f.s.DefaultListableBeanFactory     : Creating shared instance of singleton bean 'org.springdoc.core.configuration.SpringDocConfiguration'
2025-01-07T22:25:19.547-06:00 DEBUG 8404 --- [customerapi] [           main] o.s.b.f.s.DefaultListableBeanFactory     : Autowiring by type from bean name 'springdocObjectMapperProvider' via factory method to bean named 'org.springdoc.core.properties.SpringDocConfigProperties'
2025-01-07T22:25:19.564-06:00 DEBUG 8404 --- [customerapi] [           main] o.s.b.f.s.DefaultListableBeanFactory     : Autowiring by type from bean name 'indexPageTransformer' via factory method to bean named 'org.springdoc.core.properties.SwaggerUiConfigProperties'
2025-01-07T22:25:19.565-06:00 DEBUG 8404 --- [customerapi] [           main] o.s.b.f.s.DefaultListableBeanFactory     : Autowiring by type from bean name 'indexPageTransformer' via factory method to bean named 'org.springdoc.core.properties.SwaggerUiOAuthProperties'
2025-01-07T22:25:19.565-06:00 DEBUG 8404 --- [customerapi] [           main] o.s.b.f.s.DefaultListableBeanFactory     : Autowiring by type from bean name 'indexPageTransformer' via factory method to bean named 'org.springdoc.core.properties.SwaggerUiConfigParameters'
2025-01-07T22:25:19.565-06:00 DEBUG 8404 --- [customerapi] [           main] o.s.b.f.s.DefaultListableBeanFactory     : Autowiring by type from bean name 'indexPageTransformer' via factory method to bean named 'swaggerWelcome'
2025-01-07T22:25:19.565-06:00 DEBUG 8404 --- [customerapi] [           main] o.s.b.f.s.DefaultListableBeanFactory     : Autowiring by type from bean name 'indexPageTransformer' via factory method to bean named 'springdocObjectMapperProvider'
2025-01-07T22:25:19.569-06:00 DEBUG 8404 --- [customerapi] [           main] o.s.b.f.s.DefaultListableBeanFactory     : Creating shared instance of singleton bean 'swaggerResourceResolver'
2025-01-07T22:25:19.570-06:00 DEBUG 8404 --- [customerapi] [           main] o.s.b.f.s.DefaultListableBeanFactory     : Autowiring by type from bean name 'swaggerResourceResolver' via factory method to bean named 'org.springdoc.core.properties.SwaggerUiConfigProperties'
2025-01-07T22:25:19.570-06:00 DEBUG 8404 --- [customerapi] [           main] o.s.b.f.s.DefaultListableBeanFactory     : Autowiring by type from bean name 'swaggerWebMvcConfigurer' via factory method to bean named 'org.springdoc.core.properties.SwaggerUiConfigParameters'
2025-01-07T22:25:19.570-06:00 DEBUG 8404 --- [customerapi] [           main] o.s.b.f.s.DefaultListableBeanFactory     : Autowiring by type from bean name 'swaggerWebMvcConfigurer' via factory method to bean named 'indexPageTransformer'
2025-01-07T22:25:19.570-06:00 DEBUG 8404 --- [customerapi] [           main] o.s.b.f.s.DefaultListableBeanFactory     : Autowiring by type from bean name 'swaggerWebMvcConfigurer' via factory method to bean named 'swaggerResourceResolver'
2025-01-07T22:25:19.572-06:00 DEBUG 8404 --- [customerapi] [           main] o.s.b.f.s.DefaultListableBeanFactory     : Creating shared instance of singleton bean 'openEntityManagerInViewInterceptorConfigurer'
2025-01-07T22:25:19.572-06:00 DEBUG 8404 --- [customerapi] [           main] o.s.b.f.s.DefaultListableBeanFactory     : Creating shared instance of singleton bean 'org.springframework.boot.autoconfigure.orm.jpa.JpaBaseConfiguration$JpaWebConfiguration'
2025-01-07T22:25:19.573-06:00 DEBUG 8404 --- [customerapi] [           main] o.s.b.f.s.DefaultListableBeanFactory     : Autowiring by type from bean name 'org.springframework.boot.autoconfigure.orm.jpa.JpaBaseConfiguration$JpaWebConfiguration' via constructor to bean named 'spring.jpa-org.springframework.boot.autoconfigure.orm.jpa.JpaProperties'
2025-01-07T22:25:19.573-06:00 DEBUG 8404 --- [customerapi] [           main] o.s.b.f.s.DefaultListableBeanFactory     : Creating shared instance of singleton bean 'openEntityManagerInViewInterceptor'
2025-01-07T22:25:19.574-06:00  WARN 8404 --- [customerapi] [           main] JpaBaseConfiguration$JpaWebConfiguration : spring.jpa.open-in-view is enabled by default. Therefore, database queries may be performed during view rendering. Explicitly configure spring.jpa.open-in-view to disable this warning
2025-01-07T22:25:19.576-06:00 DEBUG 8404 --- [customerapi] [           main] o.s.b.f.s.DefaultListableBeanFactory     : Autowiring by type from bean name 'openEntityManagerInViewInterceptorConfigurer' via factory method to bean named 'openEntityManagerInViewInterceptor'
2025-01-07T22:25:19.577-06:00 DEBUG 8404 --- [customerapi] [           main] o.s.b.f.s.DefaultListableBeanFactory     : Creating shared instance of singleton bean 'org.springframework.data.web.config.SpringDataWebConfiguration'
2025-01-07T22:25:19.578-06:00 DEBUG 8404 --- [customerapi] [           main] o.s.b.f.s.DefaultListableBeanFactory     : Autowiring by type from bean name 'org.springframework.data.web.config.SpringDataWebConfiguration' via constructor to bean named 'org.springframework.web.context.support.GenericWebApplicationContext@4d666b41'
2025-01-07T22:25:19.579-06:00 DEBUG 8404 --- [customerapi] [           main] o.s.b.f.s.DefaultListableBeanFactory     : Creating shared instance of singleton bean 'org.springframework.security.config.annotation.web.configuration.WebMvcSecurityConfiguration'
2025-01-07T22:25:19.590-06:00 DEBUG 8404 --- [customerapi] [           main] o.s.b.f.s.DefaultListableBeanFactory     : Creating shared instance of singleton bean 'authenticationManagerBuilder'
2025-01-07T22:25:19.590-06:00 DEBUG 8404 --- [customerapi] [           main] o.s.b.f.s.DefaultListableBeanFactory     : Autowiring by type from bean name 'authenticationManagerBuilder' via factory method to bean named 'objectPostProcessor'
2025-01-07T22:25:19.590-06:00 DEBUG 8404 --- [customerapi] [           main] o.s.b.f.s.DefaultListableBeanFactory     : Autowiring by type from bean name 'authenticationManagerBuilder' via factory method to bean named 'org.springframework.web.context.support.GenericWebApplicationContext@4d666b41'
2025-01-07T22:25:19.590-06:00 DEBUG 8404 --- [customerapi] [           main] o.s.b.f.s.DefaultListableBeanFactory     : Creating shared instance of singleton bean 'authenticationEventPublisher'
2025-01-07T22:25:19.591-06:00 DEBUG 8404 --- [customerapi] [           main] o.s.b.f.s.DefaultListableBeanFactory     : Creating shared instance of singleton bean 'org.springframework.boot.autoconfigure.security.servlet.SecurityAutoConfiguration'
2025-01-07T22:25:19.591-06:00 DEBUG 8404 --- [customerapi] [           main] o.s.b.f.s.DefaultListableBeanFactory     : Autowiring by type from bean name 'authenticationEventPublisher' via factory method to bean named 'org.springframework.web.context.support.GenericWebApplicationContext@4d666b41'
2025-01-07T22:25:19.598-06:00 DEBUG 8404 --- [customerapi] [           main] o.s.b.f.s.DefaultListableBeanFactory     : Creating shared instance of singleton bean 'org.springframework.boot.autoconfigure.security.servlet.SpringBootWebSecurityConfiguration$WebSecurityEnablerConfiguration'
2025-01-07T22:25:19.612-06:00  INFO 8404 --- [customerapi] [           main] r$InitializeUserDetailsManagerConfigurer : Global AuthenticationManager configured with UserDetailsService bean with name userDetailsService
2025-01-07T22:25:19.653-06:00 DEBUG 8404 --- [customerapi] [           main] o.s.b.f.s.DefaultListableBeanFactory     : Autowiring by type from bean name 'securityFilterChain' via factory method to bean named 'org.springframework.security.config.annotation.web.configuration.HttpSecurityConfiguration.httpSecurity'
2025-01-07T22:25:19.654-06:00 DEBUG 8404 --- [customerapi] [           main] o.s.b.f.s.DefaultListableBeanFactory     : Creating shared instance of singleton bean 'corsConfigurationSource'
2025-01-07T22:25:19.665-06:00 DEBUG 8404 --- [customerapi] [           main] o.s.b.f.s.DefaultListableBeanFactory     : Creating shared instance of singleton bean 'webAuthorizationManagerPostProcessor'
2025-01-07T22:25:19.667-06:00 DEBUG 8404 --- [customerapi] [           main] o.s.b.f.s.DefaultListableBeanFactory     : Creating shared instance of singleton bean 'mvcHandlerMappingIntrospector'
2025-01-07T22:25:19.670-06:00 DEBUG 8404 --- [customerapi] [           main] o.s.b.f.s.DefaultListableBeanFactory     : Creating shared instance of singleton bean 'welcomePageHandlerMapping'
2025-01-07T22:25:19.670-06:00 DEBUG 8404 --- [customerapi] [           main] o.s.b.f.s.DefaultListableBeanFactory     : Creating shared instance of singleton bean 'mvcConversionService'
2025-01-07T22:25:19.677-06:00 DEBUG 8404 --- [customerapi] [           main] o.s.b.f.s.DefaultListableBeanFactory     : Creating shared instance of singleton bean 'mvcResourceUrlProvider'
2025-01-07T22:25:19.678-06:00 DEBUG 8404 --- [customerapi] [           main] o.s.b.f.s.DefaultListableBeanFactory     : Autowiring by type from bean name 'welcomePageHandlerMapping' via factory method to bean named 'org.springframework.web.context.support.GenericWebApplicationContext@4d666b41'
2025-01-07T22:25:19.678-06:00 DEBUG 8404 --- [customerapi] [           main] o.s.b.f.s.DefaultListableBeanFactory     : Autowiring by type from bean name 'welcomePageHandlerMapping' via factory method to bean named 'mvcConversionService'
2025-01-07T22:25:19.679-06:00 DEBUG 8404 --- [customerapi] [           main] o.s.b.f.s.DefaultListableBeanFactory     : Autowiring by type from bean name 'welcomePageHandlerMapping' via factory method to bean named 'mvcResourceUrlProvider'
2025-01-07T22:25:19.690-06:00 DEBUG 8404 --- [customerapi] [           main] o.s.b.f.s.DefaultListableBeanFactory     : Creating shared instance of singleton bean 'welcomePageNotAcceptableHandlerMapping'
2025-01-07T22:25:19.691-06:00 DEBUG 8404 --- [customerapi] [           main] o.s.b.f.s.DefaultListableBeanFactory     : Autowiring by type from bean name 'welcomePageNotAcceptableHandlerMapping' via factory method to bean named 'org.springframework.web.context.support.GenericWebApplicationContext@4d666b41'
2025-01-07T22:25:19.691-06:00 DEBUG 8404 --- [customerapi] [           main] o.s.b.f.s.DefaultListableBeanFactory     : Autowiring by type from bean name 'welcomePageNotAcceptableHandlerMapping' via factory method to bean named 'mvcConversionService'
2025-01-07T22:25:19.691-06:00 DEBUG 8404 --- [customerapi] [           main] o.s.b.f.s.DefaultListableBeanFactory     : Autowiring by type from bean name 'welcomePageNotAcceptableHandlerMapping' via factory method to bean named 'mvcResourceUrlProvider'
2025-01-07T22:25:19.696-06:00 DEBUG 8404 --- [customerapi] [           main] o.s.b.f.s.DefaultListableBeanFactory     : Creating shared instance of singleton bean 'requestMappingHandlerMapping'
2025-01-07T22:25:19.697-06:00 DEBUG 8404 --- [customerapi] [           main] o.s.b.f.s.DefaultListableBeanFactory     : Autowiring by type from bean name 'requestMappingHandlerMapping' via factory method to bean named 'mvcContentNegotiationManager'
2025-01-07T22:25:19.697-06:00 DEBUG 8404 --- [customerapi] [           main] o.s.b.f.s.DefaultListableBeanFactory     : Autowiring by type from bean name 'requestMappingHandlerMapping' via factory method to bean named 'mvcConversionService'
2025-01-07T22:25:19.697-06:00 DEBUG 8404 --- [customerapi] [           main] o.s.b.f.s.DefaultListableBeanFactory     : Autowiring by type from bean name 'requestMappingHandlerMapping' via factory method to bean named 'mvcResourceUrlProvider'
2025-01-07T22:25:19.731-06:00 DEBUG 8404 --- [customerapi] [           main] o.s.c.e.PropertySourcesPropertyResolver  : Found key 'springdoc.api-docs.path' in PropertySource 'environmentProperties' with value of type String
2025-01-07T22:25:19.732-06:00 DEBUG 8404 --- [customerapi] [           main] o.s.c.e.PropertySourcesPropertyResolver  : Found key 'springdoc.api-docs.path' in PropertySource 'environmentProperties' with value of type String
2025-01-07T22:25:19.732-06:00 DEBUG 8404 --- [customerapi] [           main] o.s.c.e.PropertySourcesPropertyResolver  : Found key 'springdoc.api-docs.path' in PropertySource 'environmentProperties' with value of type String
2025-01-07T22:25:19.733-06:00 DEBUG 8404 --- [customerapi] [           main] o.s.c.e.PropertySourcesPropertyResolver  : Found key 'springdoc.api-docs.path' in PropertySource 'environmentProperties' with value of type String
2025-01-07T22:25:19.734-06:00 DEBUG 8404 --- [customerapi] [           main] o.s.c.e.PropertySourcesPropertyResolver  : Found key 'springdoc.swagger-ui.path' in PropertySource 'environmentProperties' with value of type String
2025-01-07T22:25:19.734-06:00 DEBUG 8404 --- [customerapi] [           main] o.s.c.e.PropertySourcesPropertyResolver  : Found key 'springdoc.swagger-ui.path' in PropertySource 'environmentProperties' with value of type String
2025-01-07T22:25:19.735-06:00 DEBUG 8404 --- [customerapi] [           main] o.s.c.e.PropertySourcesPropertyResolver  : Found key 'springdoc.api-docs.path' in PropertySource 'environmentProperties' with value of type String
2025-01-07T22:25:19.736-06:00 DEBUG 8404 --- [customerapi] [           main] s.w.s.m.m.a.RequestMappingHandlerMapping : 10 mappings in 'requestMappingHandlerMapping'
2025-01-07T22:25:19.743-06:00 DEBUG 8404 --- [customerapi] [           main] o.s.b.f.s.DefaultListableBeanFactory     : Creating shared instance of singleton bean 'viewControllerHandlerMapping'
2025-01-07T22:25:19.744-06:00 DEBUG 8404 --- [customerapi] [           main] o.s.b.f.s.DefaultListableBeanFactory     : Autowiring by type from bean name 'viewControllerHandlerMapping' via factory method to bean named 'mvcConversionService'
2025-01-07T22:25:19.744-06:00 DEBUG 8404 --- [customerapi] [           main] o.s.b.f.s.DefaultListableBeanFactory     : Autowiring by type from bean name 'viewControllerHandlerMapping' via factory method to bean named 'mvcResourceUrlProvider'
2025-01-07T22:25:19.745-06:00 DEBUG 8404 --- [customerapi] [           main] o.s.b.f.s.DefaultListableBeanFactory     : Creating shared instance of singleton bean 'beanNameHandlerMapping'
2025-01-07T22:25:19.745-06:00 DEBUG 8404 --- [customerapi] [           main] o.s.b.f.s.DefaultListableBeanFactory     : Autowiring by type from bean name 'beanNameHandlerMapping' via factory method to bean named 'mvcConversionService'
2025-01-07T22:25:19.745-06:00 DEBUG 8404 --- [customerapi] [           main] o.s.b.f.s.DefaultListableBeanFactory     : Autowiring by type from bean name 'beanNameHandlerMapping' via factory method to bean named 'mvcResourceUrlProvider'
2025-01-07T22:25:19.750-06:00 DEBUG 8404 --- [customerapi] [           main] o.s.b.f.s.DefaultListableBeanFactory     : Creating shared instance of singleton bean 'routerFunctionMapping'
2025-01-07T22:25:19.751-06:00 DEBUG 8404 --- [customerapi] [           main] o.s.b.f.s.DefaultListableBeanFactory     : Autowiring by type from bean name 'routerFunctionMapping' via factory method to bean named 'mvcConversionService'
2025-01-07T22:25:19.751-06:00 DEBUG 8404 --- [customerapi] [           main] o.s.b.f.s.DefaultListableBeanFactory     : Autowiring by type from bean name 'routerFunctionMapping' via factory method to bean named 'mvcResourceUrlProvider'
2025-01-07T22:25:19.752-06:00 DEBUG 8404 --- [customerapi] [           main] o.s.b.f.s.DefaultListableBeanFactory     : Creating shared instance of singleton bean 'messageConverters'
2025-01-07T22:25:19.752-06:00 DEBUG 8404 --- [customerapi] [           main] o.s.b.f.s.DefaultListableBeanFactory     : Creating shared instance of singleton bean 'org.springframework.boot.autoconfigure.http.HttpMessageConvertersAutoConfiguration'
2025-01-07T22:25:19.755-06:00 DEBUG 8404 --- [customerapi] [           main] o.s.b.f.s.DefaultListableBeanFactory     : Creating shared instance of singleton bean 'stringHttpMessageConverter'
2025-01-07T22:25:19.756-06:00 DEBUG 8404 --- [customerapi] [           main] o.s.b.f.s.DefaultListableBeanFactory     : Creating shared instance of singleton bean 'org.springframework.boot.autoconfigure.http.HttpMessageConvertersAutoConfiguration$StringHttpMessageConverterConfiguration'
2025-01-07T22:25:19.756-06:00 DEBUG 8404 --- [customerapi] [           main] o.s.b.f.s.DefaultListableBeanFactory     : Autowiring by type from bean name 'stringHttpMessageConverter' via factory method to bean named 'environment'
2025-01-07T22:25:19.759-06:00 DEBUG 8404 --- [customerapi] [           main] o.s.b.f.s.DefaultListableBeanFactory     : Creating shared instance of singleton bean 'mappingJackson2HttpMessageConverter'
2025-01-07T22:25:19.759-06:00 DEBUG 8404 --- [customerapi] [           main] o.s.b.f.s.DefaultListableBeanFactory     : Creating shared instance of singleton bean 'org.springframework.boot.autoconfigure.http.JacksonHttpMessageConvertersConfiguration$MappingJackson2HttpMessageConverterConfiguration'
2025-01-07T22:25:19.760-06:00 DEBUG 8404 --- [customerapi] [           main] o.s.b.f.s.DefaultListableBeanFactory     : Creating shared instance of singleton bean 'jacksonObjectMapper'
2025-01-07T22:25:19.760-06:00 DEBUG 8404 --- [customerapi] [           main] o.s.b.f.s.DefaultListableBeanFactory     : Creating shared instance of singleton bean 'org.springframework.boot.autoconfigure.jackson.JacksonAutoConfiguration$JacksonObjectMapperConfiguration'
2025-01-07T22:25:19.760-06:00 DEBUG 8404 --- [customerapi] [           main] o.s.b.f.s.DefaultListableBeanFactory     : Creating shared instance of singleton bean 'org.springframework.boot.autoconfigure.jackson.JacksonAutoConfiguration$JacksonObjectMapperBuilderConfiguration'
2025-01-07T22:25:19.761-06:00 DEBUG 8404 --- [customerapi] [           main] o.s.b.f.s.DefaultListableBeanFactory     : Creating shared instance of singleton bean 'standardJacksonObjectMapperBuilderCustomizer'
2025-01-07T22:25:19.761-06:00 DEBUG 8404 --- [customerapi] [           main] o.s.b.f.s.DefaultListableBeanFactory     : Creating shared instance of singleton bean 'org.springframework.boot.autoconfigure.jackson.JacksonAutoConfiguration$Jackson2ObjectMapperBuilderCustomizerConfiguration'
2025-01-07T22:25:19.762-06:00 DEBUG 8404 --- [customerapi] [           main] o.s.b.f.s.DefaultListableBeanFactory     : Creating shared instance of singleton bean 'spring.jackson-org.springframework.boot.autoconfigure.jackson.JacksonProperties'
2025-01-07T22:25:19.764-06:00 DEBUG 8404 --- [customerapi] [           main] o.s.b.f.s.DefaultListableBeanFactory     : Autowiring by type from bean name 'standardJacksonObjectMapperBuilderCustomizer' via factory method to bean named 'spring.jackson-org.springframework.boot.autoconfigure.jackson.JacksonProperties'
2025-01-07T22:25:19.765-06:00 DEBUG 8404 --- [customerapi] [           main] o.s.b.f.s.DefaultListableBeanFactory     : Creating shared instance of singleton bean 'parameterNamesModule'
2025-01-07T22:25:19.765-06:00 DEBUG 8404 --- [customerapi] [           main] o.s.b.f.s.DefaultListableBeanFactory     : Creating shared instance of singleton bean 'org.springframework.boot.autoconfigure.jackson.JacksonAutoConfiguration$ParameterNamesModuleConfiguration'
2025-01-07T22:25:19.770-06:00 DEBUG 8404 --- [customerapi] [           main] o.s.b.f.s.DefaultListableBeanFactory     : Creating shared instance of singleton bean 'jsonMixinModule'
2025-01-07T22:25:19.771-06:00 DEBUG 8404 --- [customerapi] [           main] o.s.b.f.s.DefaultListableBeanFactory     : Creating shared instance of singleton bean 'org.springframework.boot.autoconfigure.jackson.JacksonAutoConfiguration$JacksonMixinConfiguration'
2025-01-07T22:25:19.772-06:00 DEBUG 8404 --- [customerapi] [           main] o.s.b.f.s.DefaultListableBeanFactory     : Creating shared instance of singleton bean 'jsonMixinModuleEntries'
2025-01-07T22:25:19.772-06:00 DEBUG 8404 --- [customerapi] [           main] o.s.b.f.s.DefaultListableBeanFactory     : Autowiring by type from bean name 'jsonMixinModuleEntries' via factory method to bean named 'org.springframework.web.context.support.GenericWebApplicationContext@4d666b41'
2025-01-07T22:25:19.776-06:00 DEBUG 8404 --- [customerapi] [           main] o.s.b.f.s.DefaultListableBeanFactory     : Autowiring by type from bean name 'jsonMixinModule' via factory method to bean named 'org.springframework.web.context.support.GenericWebApplicationContext@4d666b41'
2025-01-07T22:25:19.777-06:00 DEBUG 8404 --- [customerapi] [           main] o.s.b.f.s.DefaultListableBeanFactory     : Autowiring by type from bean name 'jsonMixinModule' via factory method to bean named 'jsonMixinModuleEntries'
2025-01-07T22:25:19.778-06:00 DEBUG 8404 --- [customerapi] [           main] o.s.b.f.s.DefaultListableBeanFactory     : Creating shared instance of singleton bean 'jsonComponentModule'
2025-01-07T22:25:19.779-06:00 DEBUG 8404 --- [customerapi] [           main] o.s.b.f.s.DefaultListableBeanFactory     : Creating shared instance of singleton bean 'org.springframework.boot.autoconfigure.jackson.JacksonAutoConfiguration'
2025-01-07T22:25:19.784-06:00 DEBUG 8404 --- [customerapi] [           main] o.s.b.f.s.DefaultListableBeanFactory     : Creating shared instance of singleton bean 'jacksonGeoModule'
2025-01-07T22:25:19.784-06:00 DEBUG 8404 --- [customerapi] [           main] o.s.b.f.s.DefaultListableBeanFactory     : Creating shared instance of singleton bean 'org.springframework.data.web.config.SpringDataJacksonConfiguration'
2025-01-07T22:25:19.785-06:00 DEBUG 8404 --- [customerapi] [           main] o.s.b.f.s.DefaultListableBeanFactory     : Creating shared instance of singleton bean 'springDataWebSettings'
2025-01-07T22:25:19.785-06:00 DEBUG 8404 --- [customerapi] [           main] o.s.b.f.s.DefaultListableBeanFactory     : Creating shared instance of singleton bean 'org.springframework.boot.autoconfigure.data.web.SpringDataWebAutoConfiguration'
2025-01-07T22:25:19.785-06:00 DEBUG 8404 --- [customerapi] [           main] o.s.b.f.s.DefaultListableBeanFactory     : Creating shared instance of singleton bean 'spring.data.web-org.springframework.boot.autoconfigure.data.web.SpringDataWebProperties'
2025-01-07T22:25:19.787-06:00 DEBUG 8404 --- [customerapi] [           main] o.s.b.f.s.DefaultListableBeanFactory     : Autowiring by type from bean name 'org.springframework.boot.autoconfigure.data.web.SpringDataWebAutoConfiguration' via constructor to bean named 'spring.data.web-org.springframework.boot.autoconfigure.data.web.SpringDataWebProperties'
2025-01-07T22:25:19.791-06:00 DEBUG 8404 --- [customerapi] [           main] o.s.b.f.s.DefaultListableBeanFactory     : Creating shared instance of singleton bean 'pageModule'
2025-01-07T22:25:19.793-06:00 DEBUG 8404 --- [customerapi] [           main] o.s.b.f.s.DefaultListableBeanFactory     : Autowiring by type from bean name 'jacksonObjectMapperBuilder' via factory method to bean named 'org.springframework.web.context.support.GenericWebApplicationContext@4d666b41'
2025-01-07T22:25:19.793-06:00 DEBUG 8404 --- [customerapi] [           main] o.s.b.f.s.DefaultListableBeanFactory     : Autowiring by type from bean name 'jacksonObjectMapperBuilder' via factory method to bean named 'standardJacksonObjectMapperBuilderCustomizer'
2025-01-07T22:25:19.794-06:00 DEBUG 8404 --- [customerapi] [           main] o.s.b.f.s.DefaultListableBeanFactory     : Autowiring by type from bean name 'jacksonObjectMapper' via factory method to bean named 'jacksonObjectMapperBuilder'
2025-01-07T22:25:19.807-06:00 DEBUG 8404 --- [customerapi] [           main] o.s.b.f.s.DefaultListableBeanFactory     : Autowiring by type from bean name 'mappingJackson2HttpMessageConverter' via factory method to bean named 'jacksonObjectMapper'
2025-01-07T22:25:19.843-06:00 DEBUG 8404 --- [customerapi] [           main] o.s.b.f.s.DefaultListableBeanFactory     : Creating shared instance of singleton bean 'resourceHandlerMapping'
2025-01-07T22:25:19.843-06:00 DEBUG 8404 --- [customerapi] [           main] o.s.b.f.s.DefaultListableBeanFactory     : Autowiring by type from bean name 'resourceHandlerMapping' via factory method to bean named 'mvcContentNegotiationManager'
2025-01-07T22:25:19.844-06:00 DEBUG 8404 --- [customerapi] [           main] o.s.b.f.s.DefaultListableBeanFactory     : Autowiring by type from bean name 'resourceHandlerMapping' via factory method to bean named 'mvcConversionService'
2025-01-07T22:25:19.844-06:00 DEBUG 8404 --- [customerapi] [           main] o.s.b.f.s.DefaultListableBeanFactory     : Autowiring by type from bean name 'resourceHandlerMapping' via factory method to bean named 'mvcResourceUrlProvider'
2025-01-07T22:25:19.844-06:00 DEBUG 8404 --- [customerapi] [           main] o.s.w.s.c.annotation.WebMvcConfigurer    : Default resource handling disabled
2025-01-07T22:25:19.850-06:00 DEBUG 8404 --- [customerapi] [           main] o.s.w.s.handler.SimpleUrlHandlerMapping  : Patterns [/swagger-ui*/*swagger-initializer.js, /swagger-ui*/**] in 'resourceHandlerMapping'
2025-01-07T22:25:19.852-06:00 DEBUG 8404 --- [customerapi] [           main] o.s.b.f.s.DefaultListableBeanFactory     : Creating shared instance of singleton bean 'defaultServletHandlerMapping'
2025-01-07T22:25:19.867-06:00 DEBUG 8404 --- [customerapi] [           main] o.s.b.f.s.DefaultListableBeanFactory     : Creating shared instance of singleton bean 'authenticationManagerPostProcessor'
2025-01-07T22:25:19.882-06:00 DEBUG 8404 --- [customerapi] [           main] o.s.s.web.DefaultSecurityFilterChain     : Will secure any request with filters: DisableEncodeUrlFilter, WebAsyncManagerIntegrationFilter, SecurityContextHolderFilter, HeaderWriterFilter, CorsFilter, LogoutFilter, BasicAuthenticationFilter, RequestCacheAwareFilter, SecurityContextHolderAwareRequestFilter, AnonymousAuthenticationFilter, ExceptionTranslationFilter, AuthorizationFilter
2025-01-07T22:25:19.882-06:00 DEBUG 8404 --- [customerapi] [           main] o.s.b.f.s.DefaultListableBeanFactory     : Creating shared instance of singleton bean 'org.springframework.boot.autoconfigure.context.PropertyPlaceholderAutoConfiguration'
2025-01-07T22:25:19.883-06:00 DEBUG 8404 --- [customerapi] [           main] o.s.b.f.s.DefaultListableBeanFactory     : Creating shared instance of singleton bean 'org.springframework.boot.autoconfigure.ssl.SslAutoConfiguration'
2025-01-07T22:25:19.883-06:00 DEBUG 8404 --- [customerapi] [           main] o.s.b.f.s.DefaultListableBeanFactory     : Creating shared instance of singleton bean 'spring.ssl-org.springframework.boot.autoconfigure.ssl.SslProperties'
2025-01-07T22:25:19.884-06:00 DEBUG 8404 --- [customerapi] [           main] o.s.b.f.s.DefaultListableBeanFactory     : Autowiring by type from bean name 'org.springframework.boot.autoconfigure.ssl.SslAutoConfiguration' via constructor to bean named 'org.springframework.web.context.support.GenericWebApplicationContext@4d666b41'
2025-01-07T22:25:19.884-06:00 DEBUG 8404 --- [customerapi] [           main] o.s.b.f.s.DefaultListableBeanFactory     : Autowiring by type from bean name 'org.springframework.boot.autoconfigure.ssl.SslAutoConfiguration' via constructor to bean named 'spring.ssl-org.springframework.boot.autoconfigure.ssl.SslProperties'
2025-01-07T22:25:19.885-06:00 DEBUG 8404 --- [customerapi] [           main] o.s.b.f.s.DefaultListableBeanFactory     : Creating shared instance of singleton bean 'fileWatcher'
2025-01-07T22:25:19.886-06:00 DEBUG 8404 --- [customerapi] [           main] o.s.b.f.s.DefaultListableBeanFactory     : Creating shared instance of singleton bean 'sslPropertiesSslBundleRegistrar'
2025-01-07T22:25:19.886-06:00 DEBUG 8404 --- [customerapi] [           main] o.s.b.f.s.DefaultListableBeanFactory     : Autowiring by type from bean name 'sslPropertiesSslBundleRegistrar' via factory method to bean named 'fileWatcher'
2025-01-07T22:25:19.888-06:00 DEBUG 8404 --- [customerapi] [           main] o.s.b.f.s.DefaultListableBeanFactory     : Creating shared instance of singleton bean 'sslBundleRegistry'
2025-01-07T22:25:19.892-06:00 DEBUG 8404 --- [customerapi] [           main] o.s.b.f.s.DefaultListableBeanFactory     : Creating shared instance of singleton bean 'org.springframework.boot.autoconfigure.websocket.servlet.WebSocketServletAutoConfiguration$TomcatWebSocketConfiguration'
2025-01-07T22:25:19.893-06:00 DEBUG 8404 --- [customerapi] [           main] o.s.b.f.s.DefaultListableBeanFactory     : Creating shared instance of singleton bean 'websocketServletWebServerCustomizer'
2025-01-07T22:25:19.894-06:00 DEBUG 8404 --- [customerapi] [           main] o.s.b.f.s.DefaultListableBeanFactory     : Creating shared instance of singleton bean 'org.springframework.boot.autoconfigure.websocket.servlet.WebSocketServletAutoConfiguration'
2025-01-07T22:25:19.894-06:00 DEBUG 8404 --- [customerapi] [           main] o.s.b.f.s.DefaultListableBeanFactory     : Creating shared instance of singleton bean 'org.springframework.boot.autoconfigure.web.servlet.ServletWebServerFactoryConfiguration$EmbeddedTomcat'
2025-01-07T22:25:19.895-06:00 DEBUG 8404 --- [customerapi] [           main] o.s.b.f.s.DefaultListableBeanFactory     : Creating shared instance of singleton bean 'tomcatServletWebServerFactory'
2025-01-07T22:25:19.919-06:00 DEBUG 8404 --- [customerapi] [           main] o.s.b.f.s.DefaultListableBeanFactory     : Creating shared instance of singleton bean 'servletWebServerFactoryCustomizer'
2025-01-07T22:25:19.919-06:00 DEBUG 8404 --- [customerapi] [           main] o.s.b.f.s.DefaultListableBeanFactory     : Creating shared instance of singleton bean 'org.springframework.boot.autoconfigure.web.servlet.ServletWebServerFactoryAutoConfiguration'
2025-01-07T22:25:19.921-06:00 DEBUG 8404 --- [customerapi] [           main] o.s.b.f.s.DefaultListableBeanFactory     : Creating shared instance of singleton bean 'server-org.springframework.boot.autoconfigure.web.ServerProperties'
2025-01-07T22:25:19.927-06:00 DEBUG 8404 --- [customerapi] [           main] o.s.b.f.s.DefaultListableBeanFactory     : Autowiring by type from bean name 'servletWebServerFactoryCustomizer' via factory method to bean named 'server-org.springframework.boot.autoconfigure.web.ServerProperties'
2025-01-07T22:25:19.929-06:00 DEBUG 8404 --- [customerapi] [           main] o.s.b.f.s.DefaultListableBeanFactory     : Creating shared instance of singleton bean 'tomcatServletWebServerFactoryCustomizer'
2025-01-07T22:25:19.930-06:00 DEBUG 8404 --- [customerapi] [           main] o.s.b.f.s.DefaultListableBeanFactory     : Autowiring by type from bean name 'tomcatServletWebServerFactoryCustomizer' via factory method to bean named 'server-org.springframework.boot.autoconfigure.web.ServerProperties'
2025-01-07T22:25:19.930-06:00 DEBUG 8404 --- [customerapi] [           main] o.s.b.f.s.DefaultListableBeanFactory     : Creating shared instance of singleton bean 'localeCharsetMappingsCustomizer'
2025-01-07T22:25:19.930-06:00 DEBUG 8404 --- [customerapi] [           main] o.s.b.f.s.DefaultListableBeanFactory     : Creating shared instance of singleton bean 'org.springframework.boot.autoconfigure.web.servlet.HttpEncodingAutoConfiguration'
2025-01-07T22:25:19.930-06:00 DEBUG 8404 --- [customerapi] [           main] o.s.b.f.s.DefaultListableBeanFactory     : Autowiring by type from bean name 'org.springframework.boot.autoconfigure.web.servlet.HttpEncodingAutoConfiguration' via constructor to bean named 'server-org.springframework.boot.autoconfigure.web.ServerProperties'
2025-01-07T22:25:19.939-06:00 DEBUG 8404 --- [customerapi] [           main] o.s.b.f.s.DefaultListableBeanFactory     : Creating shared instance of singleton bean 'errorPageCustomizer'
2025-01-07T22:25:19.939-06:00 DEBUG 8404 --- [customerapi] [           main] o.s.b.f.s.DefaultListableBeanFactory     : Creating shared instance of singleton bean 'org.springframework.boot.autoconfigure.web.servlet.error.ErrorMvcAutoConfiguration'
2025-01-07T22:25:19.940-06:00 DEBUG 8404 --- [customerapi] [           main] o.s.b.f.s.DefaultListableBeanFactory     : Autowiring by type from bean name 'org.springframework.boot.autoconfigure.web.servlet.error.ErrorMvcAutoConfiguration' via constructor to bean named 'server-org.springframework.boot.autoconfigure.web.ServerProperties'
2025-01-07T22:25:19.942-06:00 DEBUG 8404 --- [customerapi] [           main] o.s.b.f.s.DefaultListableBeanFactory     : Creating shared instance of singleton bean 'dispatcherServletRegistration'
2025-01-07T22:25:19.942-06:00 DEBUG 8404 --- [customerapi] [           main] o.s.b.f.s.DefaultListableBeanFactory     : Creating shared instance of singleton bean 'org.springframework.boot.autoconfigure.web.servlet.DispatcherServletAutoConfiguration$DispatcherServletRegistrationConfiguration'
2025-01-07T22:25:19.942-06:00 DEBUG 8404 --- [customerapi] [           main] o.s.b.f.s.DefaultListableBeanFactory     : Creating shared instance of singleton bean 'dispatcherServlet'
2025-01-07T22:25:19.943-06:00 DEBUG 8404 --- [customerapi] [           main] o.s.b.f.s.DefaultListableBeanFactory     : Creating shared instance of singleton bean 'org.springframework.boot.autoconfigure.web.servlet.DispatcherServletAutoConfiguration$DispatcherServletConfiguration'
2025-01-07T22:25:19.943-06:00 DEBUG 8404 --- [customerapi] [           main] o.s.b.f.s.DefaultListableBeanFactory     : Autowiring by type from bean name 'dispatcherServlet' via factory method to bean named 'spring.mvc-org.springframework.boot.autoconfigure.web.servlet.WebMvcProperties'
2025-01-07T22:25:19.952-06:00 DEBUG 8404 --- [customerapi] [           main] o.s.b.f.s.DefaultListableBeanFactory     : Autowiring by type from bean name 'dispatcherServletRegistration' via factory method to bean named 'dispatcherServlet'
2025-01-07T22:25:19.953-06:00 DEBUG 8404 --- [customerapi] [           main] o.s.b.f.s.DefaultListableBeanFactory     : Autowiring by type from bean name 'dispatcherServletRegistration' via factory method to bean named 'spring.mvc-org.springframework.boot.autoconfigure.web.servlet.WebMvcProperties'
[...]

   SpringDocConfiguration.SpringDocRepositoryRestConfiguration:
      Did not match:
         - @ConditionalOnClass did not find required class 'org.springframework.data.rest.core.config.RepositoryRestConfiguration' (OnClassCondition)

   SpringDocConfiguration.SpringDocWebFluxSupportConfiguration:
      Did not match:
         - @ConditionalOnClass did not find required class 'reactor.core.publisher.Flux' (OnClassCondition)

   SpringDocDataRestConfiguration:
      Did not match:
         - @ConditionalOnClass did not find required class 'org.springframework.data.rest.core.config.RepositoryRestConfiguration' (OnClassCondition)

   SpringDocFunctionCatalogConfiguration:
      Did not match:
         - @ConditionalOnClass did not find required class 'org.springframework.cloud.function.web.function.FunctionEndpointInitializer' (OnClassCondition)

   SpringDocGroovyConfiguration:
      Did not match:
         - @ConditionalOnClass did not find required class 'groovy.lang.MetaClass' (OnClassCondition)

   SpringDocHateoasConfiguration:
      Did not match:
         - @ConditionalOnClass did not find required class 'org.springframework.hateoas.server.LinkRelationProvider' (OnClassCondition)

   SpringDocJacksonKotlinModuleConfiguration:
      Did not match:
         - @ConditionalOnClass did not find required class 'com.fasterxml.jackson.module.kotlin.KotlinModule' (OnClassCondition)

   SpringDocJavadocConfiguration:
      Did not match:
         - @ConditionalOnClass did not find required class 'com.github.therapi.runtimejavadoc.CommentFormatter' (OnClassCondition)

   SpringDocKotlinConfiguration:
      Did not match:
         - @ConditionalOnClass did not find required class 'kotlin.coroutines.Continuation' (OnClassCondition)

   SpringDocKotlinxConfiguration:
      Did not match:
         - @ConditionalOnClass did not find required class 'kotlinx.coroutines.flow.Flow' (OnClassCondition)

   SpringDocSecurityConfiguration.SpringDocSecurityOAuth2Configuration:
      Did not match:
         - @ConditionalOnClass did not find required class 'org.springframework.security.oauth2.server.authorization.OAuth2AuthorizationService' (OnClassCondition)

   SpringDocSecurityConfiguration.SpringSecurityLoginEndpointConfiguration#springSecurityLoginEndpointCustomiser:
      Did not match:
         - @ConditionalOnProperty (springdoc.show-login-endpoint) did not find property 'springdoc.show-login-endpoint' (OnPropertyCondition)

   SpringDocSortConfiguration#delegatingMethodParameterCustomizer:
      Did not match:
         - @ConditionalOnMissingBean (types: org.springdoc.core.customizers.DelegatingMethodParameterCustomizer; SearchStrategy: all) found beans of type 'org.springdoc.core.customizers.DelegatingMethodParameterCustomizer' delegatingMethodParameterCustomizer (OnBeanCondition)

   SpringDocWebMvcConfiguration.SpringDocWebMvcActuatorConfiguration:
      Did not match:
         - @ConditionalOnClass did not find required class 'org.springframework.boot.actuate.endpoint.web.servlet.WebMvcEndpointHandlerMapping' (OnClassCondition)

   SwaggerConfig#springWebProvider:
      Did not match:
         - @ConditionalOnMissingBean (types: org.springdoc.core.providers.SpringWebProvider; SearchStrategy: all) found beans of type 'org.springdoc.core.providers.SpringWebProvider' springWebProvider (OnBeanCondition)

   SwaggerConfig#swaggerUiConfigParameters:
      Did not match:
         - @ConditionalOnMissingBean (types: org.springdoc.core.properties.SwaggerUiConfigParameters; SearchStrategy: all) found beans of type 'org.springdoc.core.properties.SwaggerUiConfigParameters' org.springdoc.core.properties.SwaggerUiConfigParameters (OnBeanCondition)

   SwaggerConfig#swaggerUiHome:
      Did not match:
         - @ConditionalOnProperty (springdoc.swagger-ui.use-root-path=true) did not find property 'springdoc.swagger-ui.use-root-path' (OnPropertyCondition)

   SwaggerConfig.SwaggerActuatorWelcomeConfiguration:
      Did not match:
         - @ConditionalOnClass did not find required class 'org.springframework.boot.actuate.endpoint.web.servlet.WebMvcEndpointHandlerMapping' (OnClassCondition)

   TaskExecutorConfigurations.SimpleAsyncTaskExecutorBuilderConfiguration#simpleAsyncTaskExecutorBuilderVirtualThreads:
      Did not match:
         - @ConditionalOnMissingBean (types: org.springframework.boot.task.SimpleAsyncTaskExecutorBuilder; SearchStrategy: all) found beans of type 'org.springframework.boot.task.SimpleAsyncTaskExecutorBuilder' simpleAsyncTaskExecutorBuilder (OnBeanCondition)

   TaskExecutorConfigurations.TaskExecutorConfiguration#applicationTaskExecutorVirtualThreads:
      Did not match:
         - @ConditionalOnThreading did not find VIRTUAL (OnThreadingCondition)

   TaskSchedulingAutoConfiguration#scheduledBeanLazyInitializationExcludeFilter:
      Did not match:
         - @ConditionalOnBean (names: org.springframework.context.annotation.internalScheduledAnnotationProcessor; SearchStrategy: all) did not find any beans named org.springframework.context.annotation.internalScheduledAnnotationProcessor (OnBeanCondition)

   TaskSchedulingConfigurations.SimpleAsyncTaskSchedulerBuilderConfiguration#simpleAsyncTaskSchedulerBuilderVirtualThreads:
      Did not match:
         - @ConditionalOnMissingBean (types: org.springframework.boot.task.SimpleAsyncTaskSchedulerBuilder; SearchStrategy: all) found beans of type 'org.springframework.boot.task.SimpleAsyncTaskSchedulerBuilder' simpleAsyncTaskSchedulerBuilder (OnBeanCondition)

   TaskSchedulingConfigurations.TaskSchedulerConfiguration:
      Did not match:
         - @ConditionalOnBean (names: org.springframework.context.annotation.internalScheduledAnnotationProcessor; SearchStrategy: all) did not find any beans named org.springframework.context.annotation.internalScheduledAnnotationProcessor (OnBeanCondition)

   ThymeleafAutoConfiguration:
      Did not match:
         - @ConditionalOnClass did not find required class 'org.thymeleaf.spring6.SpringTemplateEngine' (OnClassCondition)

   TransactionAutoConfiguration#transactionalOperator:
      Did not match:
         - @ConditionalOnSingleCandidate (types: org.springframework.transaction.ReactiveTransactionManager; SearchStrategy: all) did not find any beans (OnBeanCondition)

   TransactionAutoConfiguration.AspectJTransactionManagementConfiguration:
      Did not match:
         - @ConditionalOnBean (types: org.springframework.transaction.aspectj.AbstractTransactionAspect; SearchStrategy: all) did not find any beans of type org.springframework.transaction.aspectj.AbstractTransactionAspect (OnBeanCondition)

   TransactionAutoConfiguration.EnableTransactionManagementConfiguration.JdkDynamicAutoProxyConfiguration:
      Did not match:
         - @ConditionalOnProperty (spring.aop.proxy-target-class=false) did not find property 'proxy-target-class' (OnPropertyCondition)

   UserDetailsServiceAutoConfiguration:
      Did not match:
         - @ConditionalOnMissingBean (types: org.springframework.security.authentication.AuthenticationManager,org.springframework.security.authentication.AuthenticationProvider,org.springframework.security.core.userdetails.UserDetailsService,org.springframework.security.authentication.AuthenticationManagerResolver,org.springframework.security.oauth2.jwt.JwtDecoder; SearchStrategy: all) found beans of type 'org.springframework.security.core.userdetails.UserDetailsService' userDetailsService (OnBeanCondition)
      Matched:
         - @ConditionalOnClass found required class 'org.springframework.security.authentication.AuthenticationManager' (OnClassCondition)
         - found 'session' scope (OnWebApplicationCondition)
         - AnyNestedCondition 1 matched 2 did not; NestedCondition on UserDetailsServiceAutoConfiguration.MissingAlternativeOrUserPropertiesConfigured.PasswordConfigured @ConditionalOnProperty (spring.security.user.password) did not find property 'password'; NestedCondition on UserDetailsServiceAutoConfiguration.MissingAlternativeOrUserPropertiesConfigured.NameConfigured @ConditionalOnProperty (spring.security.user.name) did not find property 'name'; NestedCondition on UserDetailsServiceAutoConfiguration.MissingAlternativeOrUserPropertiesConfigured.MissingAlternative @ConditionalOnMissingClass did not find unwanted classes 'org.springframework.security.oauth2.client.registration.ClientRegistrationRepository', 'org.springframework.security.oauth2.server.resource.introspection.OpaqueTokenIntrospector', 'org.springframework.security.saml2.provider.service.registration.RelyingPartyRegistrationRepository' (UserDetailsServiceAutoConfiguration.MissingAlternativeOrUserPropertiesConfigured)

   WebClientAutoConfiguration:
      Did not match:
         - @ConditionalOnClass did not find required class 'org.springframework.web.reactive.function.client.WebClient' (OnClassCondition)

   WebFluxAutoConfiguration:
      Did not match:
         - @ConditionalOnClass did not find required class 'org.springframework.web.reactive.config.WebFluxConfigurer' (OnClassCondition)

   WebMvcAutoConfiguration#hiddenHttpMethodFilter:
      Did not match:
         - @ConditionalOnProperty (spring.mvc.hiddenmethod.filter.enabled) did not find property 'enabled' (OnPropertyCondition)

   WebMvcAutoConfiguration.ProblemDetailsErrorHandlingConfiguration:
      Did not match:
         - @ConditionalOnProperty (spring.mvc.problemdetails.enabled=true) did not find property 'enabled' (OnPropertyCondition)

   WebMvcAutoConfiguration.ResourceChainCustomizerConfiguration:
      Did not match:
         - @ConditionalOnEnabledResourceChain did not find class org.webjars.WebJarVersionLocator (OnEnabledResourceChainCondition)

   WebMvcAutoConfiguration.WebMvcAutoConfigurationAdapter#beanNameViewResolver:
      Did not match:
         - @ConditionalOnMissingBean (types: org.springframework.web.servlet.view.BeanNameViewResolver; SearchStrategy: all) found beans of type 'org.springframework.web.servlet.view.BeanNameViewResolver' beanNameViewResolver (OnBeanCondition)

   WebServiceTemplateAutoConfiguration:
      Did not match:
         - @ConditionalOnClass did not find required class 'org.springframework.oxm.Marshaller' (OnClassCondition)

   WebServicesAutoConfiguration:
      Did not match:
         - @ConditionalOnClass did not find required class 'org.springframework.ws.transport.http.MessageDispatcherServlet' (OnClassCondition)

   WebSessionIdResolverAutoConfiguration:
      Did not match:
         - @ConditionalOnClass did not find required class 'reactor.core.publisher.Mono' (OnClassCondition)

   WebSocketMessagingAutoConfiguration:
      Did not match:
         - @ConditionalOnClass did not find required class 'org.springframework.web.socket.config.annotation.WebSocketMessageBrokerConfigurer' (OnClassCondition)

   WebSocketReactiveAutoConfiguration:
      Did not match:
         - @ConditionalOnWebApplication did not find reactive web application classes (OnWebApplicationCondition)

   WebSocketServletAutoConfiguration.JettyWebSocketConfiguration:
      Did not match:
         - @ConditionalOnClass did not find required class 'org.eclipse.jetty.ee10.websocket.jakarta.server.config.JakartaWebSocketServletContainerInitializer' (OnClassCondition)

   WebSocketServletAutoConfiguration.UndertowWebSocketConfiguration:
      Did not match:
         - @ConditionalOnClass did not find required class 'io.undertow.websockets.jsr.Bootstrap' (OnClassCondition)

   XADataSourceAutoConfiguration:
      Did not match:
         - @ConditionalOnBean (types: org.springframework.boot.jdbc.XADataSourceWrapper; SearchStrategy: all) did not find any beans of type org.springframework.boot.jdbc.XADataSourceWrapper (OnBeanCondition)
      Matched:
         - @ConditionalOnClass found required classes 'javax.sql.DataSource', 'jakarta.transaction.TransactionManager', 'org.springframework.jdbc.datasource.embedded.EmbeddedDatabaseType' (OnClassCondition)


Exclusions:
-----------

    None


Unconditional classes:
----------------------

    org.springframework.boot.autoconfigure.context.ConfigurationPropertiesAutoConfiguration

    org.springframework.boot.autoconfigure.ssl.SslAutoConfiguration

    org.springframework.boot.autoconfigure.context.PropertyPlaceholderAutoConfiguration

    org.springframework.boot.autoconfigure.context.LifecycleAutoConfiguration

    org.springframework.boot.autoconfigure.availability.ApplicationAvailabilityAutoConfiguration

    org.springframework.boot.autoconfigure.info.ProjectInfoAutoConfiguration



2025-01-07T22:25:20.270-06:00  INFO 8404 --- [customerapi] [           main] c.u.c.CustomerapiApplicationTests        : Started CustomerapiApplicationTests in 4.453 seconds (process running for 5.278)
2025-01-07T22:25:20.271-06:00 DEBUG 8404 --- [customerapi] [           main] o.s.b.a.ApplicationAvailabilityBean      : Application availability state LivenessState changed to CORRECT
2025-01-07T22:25:20.273-06:00 DEBUG 8404 --- [customerapi] [           main] o.s.boot.devtools.restart.Restarter      : Creating new Restarter for thread Thread[#1,main,5,main]
2025-01-07T22:25:20.273-06:00 DEBUG 8404 --- [customerapi] [           main] o.s.b.a.ApplicationAvailabilityBean      : Application availability state ReadinessState changed to ACCEPTING_TRAFFIC
2025-01-07T22:25:20.275-06:00 DEBUG 8404 --- [customerapi] [           main] org.springframework.test.context.cache   : Spring test ApplicationContext cache statistics: [DefaultContextCache@24c7b944 size = 1, maxSize = 32, parentContextCount = 0, hitCount = 0, missCount = 1, failureCount = 0]
2025-01-07T22:25:20.275-06:00 DEBUG 8404 --- [customerapi] [           main] o.s.t.c.w.ServletTestExecutionListener   : Setting up MockHttpServletRequest, MockHttpServletResponse, ServletWebRequest, and RequestContextHolder for test class com.upiiz.customerapi.CustomerapiApplicationTests
2025-01-07T22:25:20.285-06:00 DEBUG 8404 --- [customerapi] [           main] DependencyInjectionTestExecutionListener : Performing dependency injection for test class com.upiiz.customerapi.CustomerapiApplicationTests
2025-01-07T22:25:20.285-06:00 DEBUG 8404 --- [customerapi] [           main] org.springframework.test.context.cache   : Spring test ApplicationContext cache statistics: [DefaultContextCache@24c7b944 size = 1, maxSize = 32, parentContextCount = 0, hitCount = 1, missCount = 1, failureCount = 0]
2025-01-07T22:25:20.286-06:00 DEBUG 8404 --- [customerapi] [           main] org.springframework.test.context.cache   : Spring test ApplicationContext cache statistics: [DefaultContextCache@24c7b944 size = 1, maxSize = 32, parentContextCount = 0, hitCount = 2, missCount = 1, failureCount = 0]
2025-01-07T22:25:20.289-06:00 DEBUG 8404 --- [customerapi] [           main] sContextBeforeModesTestExecutionListener : Before test method: class [CustomerapiApplicationTests], method [contextLoads], class annotated with @DirtiesContext [false] with mode [null], method annotated with @DirtiesContext [false] with mode [null]
2025-01-07T22:25:20.290-06:00 DEBUG 8404 --- [customerapi] [           main] org.springframework.test.context.cache   : Spring test ApplicationContext cache statistics: [DefaultContextCache@24c7b944 size = 1, maxSize = 32, parentContextCount = 0, hitCount = 3, missCount = 1, failureCount = 0]
2025-01-07T22:25:20.291-06:00 DEBUG 8404 --- [customerapi] [           main] org.springframework.test.context.cache   : Spring test ApplicationContext cache statistics: [DefaultContextCache@24c7b944 size = 1, maxSize = 32, parentContextCount = 0, hitCount = 4, missCount = 1, failureCount = 0]
2025-01-07T22:25:20.643-06:00 DEBUG 8404 --- [customerapi] [           main] org.springframework.test.context.cache   : Spring test ApplicationContext cache statistics: [DefaultContextCache@24c7b944 size = 1, maxSize = 32, parentContextCount = 0, hitCount = 5, missCount = 1, failureCount = 0]
2025-01-07T22:25:20.645-06:00 DEBUG 8404 --- [customerapi] [           main] org.springframework.test.context.cache   : Spring test ApplicationContext cache statistics: [DefaultContextCache@24c7b944 size = 1, maxSize = 32, parentContextCount = 0, hitCount = 6, missCount = 1, failureCount = 0]
2025-01-07T22:25:20.650-06:00 DEBUG 8404 --- [customerapi] [           main] org.springframework.test.context.cache   : Spring test ApplicationContext cache statistics: [DefaultContextCache@24c7b944 size = 1, maxSize = 32, parentContextCount = 0, hitCount = 7, missCount = 1, failureCount = 0]
2025-01-07T22:25:20.651-06:00 DEBUG 8404 --- [customerapi] [           main] org.springframework.test.context.cache   : Spring test ApplicationContext cache statistics: [DefaultContextCache@24c7b944 size = 1, maxSize = 32, parentContextCount = 0, hitCount = 8, missCount = 1, failureCount = 0]
2025-01-07T22:25:20.651-06:00 DEBUG 8404 --- [customerapi] [           main] org.springframework.test.context.cache   : Spring test ApplicationContext cache statistics: [DefaultContextCache@24c7b944 size = 1, maxSize = 32, parentContextCount = 0, hitCount = 9, missCount = 1, failureCount = 0]
2025-01-07T22:25:20.651-06:00 DEBUG 8404 --- [customerapi] [           main] org.springframework.test.context.cache   : Spring test ApplicationContext cache statistics: [DefaultContextCache@24c7b944 size = 1, maxSize = 32, parentContextCount = 0, hitCount = 10, missCount = 1, failureCount = 0]
2025-01-07T22:25:20.652-06:00 DEBUG 8404 --- [customerapi] [           main] org.springframework.test.context.cache   : Spring test ApplicationContext cache statistics: [DefaultContextCache@24c7b944 size = 1, maxSize = 32, parentContextCount = 0, hitCount = 11, missCount = 1, failureCount = 0]
2025-01-07T22:25:20.653-06:00 DEBUG 8404 --- [customerapi] [           main] org.springframework.test.context.cache   : Spring test ApplicationContext cache statistics: [DefaultContextCache@24c7b944 size = 1, maxSize = 32, parentContextCount = 0, hitCount = 12, missCount = 1, failureCount = 0]
2025-01-07T22:25:20.653-06:00 DEBUG 8404 --- [customerapi] [           main] org.springframework.test.context.cache   : Spring test ApplicationContext cache statistics: [DefaultContextCache@24c7b944 size = 1, maxSize = 32, parentContextCount = 0, hitCount = 13, missCount = 1, failureCount = 0]
2025-01-07T22:25:20.654-06:00 DEBUG 8404 --- [customerapi] [           main] org.springframework.test.context.cache   : Spring test ApplicationContext cache statistics: [DefaultContextCache@24c7b944 size = 1, maxSize = 32, parentContextCount = 0, hitCount = 14, missCount = 1, failureCount = 0]
2025-01-07T22:25:20.654-06:00 DEBUG 8404 --- [customerapi] [           main] .c.s.DirtiesContextTestExecutionListener : After test method: class [CustomerapiApplicationTests], method [contextLoads], class annotated with @DirtiesContext [false] with mode [null], method annotated with @DirtiesContext [false] with mode [null]
2025-01-07T22:25:20.654-06:00 DEBUG 8404 --- [customerapi] [           main] o.s.t.c.w.ServletTestExecutionListener   : Resetting RequestContextHolder for test class com.upiiz.customerapi.CustomerapiApplicationTests
]]></system-out>
    <system-err><![CDATA[Mockito is currently self-attaching to enable the inline-mock-maker. This will no longer work in future releases of the JDK. Please add Mockito as an agent to your build what is described in Mockito's documentation: https://javadoc.io/doc/org.mockito/mockito-core/latest/org/mockito/Mockito.html#0.3
WARNING: A Java agent has been loaded dynamically (C:\Users\alexa\.m2\repository\net\bytebuddy\byte-buddy-agent\1.15.11\byte-buddy-agent-1.15.11.jar)
WARNING: If a serviceability tool is in use, please run with -XX:+EnableDynamicAgentLoading to hide this warning
WARNING: If a serviceability tool is not in use, please run with -Djdk.instrument.traceUsage for more information
WARNING: Dynamic loading of agents will be disallowed by default in a future release
]]></system-err>
  </testcase>
</testsuite>